2022-09-22 09:27:54,189 [INFO] Activator:177 - 


2022-09-22 09:27:54,197 [INFO] Activator:178 - !SESSION log4j initialized
2022-09-22 09:28:48,641 [INFO] Activator:177 - 


2022-09-22 09:28:48,641 [INFO] Activator:178 - !SESSION log4j initialized
2022-09-22 09:29:41,218 [INFO] McuFinderGlobals:39 - Set McuFinder mode to 2 (CubeIDE integrated)
2022-09-22 09:29:41,377 [INFO] ApplicationProperties:181 - Using Application install path: E:\STM32\stm32cubeide_1.7.0\STM32CubeIDE\plugins\com.st.stm32cube.common.mx_6.3.0.202107141111
2022-09-22 09:29:41,385 [INFO] DbMcusXml:74 - Set database path to: E:\STM32\stm32cubeide_1.7.0\STM32CubeIDE\plugins\com.st.stm32cube.common.mx_6.3.0.202107141111\\db\/mcu/
2022-09-22 09:29:41,385 [INFO] DbBoardsPdsc:56 - Set plugin database path to: E:\STM32\stm32cubeide_1.7.0\STM32CubeIDE\plugins\com.st.stm32cube.common.mx_6.3.0.202107141111\\db\/plugins/boardmanager/
2022-09-22 09:29:41,385 [INFO] DbMcus:258 - Set plugin images path to: E:\STM32\stm32cubeide_1.7.0\STM32CubeIDE\plugins\com.st.stm32cube.common.mx_6.3.0.202107141111\\db\/plugins/mcufinder/images/
2022-09-22 09:29:41,385 [INFO] DbBoards:264 - Set plugin images path to: E:\STM32\stm32cubeide_1.7.0\STM32CubeIDE\plugins\com.st.stm32cube.common.mx_6.3.0.202107141111\\db\/plugins/mcufinder/images/
2022-09-22 09:29:41,393 [INFO] DbExamples:333 - Set plugin images path to: E:\STM32\stm32cubeide_1.7.0\STM32CubeIDE\plugins\com.st.stm32cube.common.mx_6.3.0.202107141111\\db\/plugins/mcufinder/images/
2022-09-22 09:29:41,393 [INFO] DbMcusAds:119 - Set database path to: C:\Users\hatru\.stmcufinder\plugins\mcufinder//mcu/
2022-09-22 09:29:41,401 [INFO] DbMcusDocs:110 - Set database path to: C:\Users\hatru\.stmcufinder\plugins\mcufinder//mcu/
2022-09-22 09:29:41,401 [INFO] DbMcusJson:64 - Set database path to: C:\Users\hatru\.stmcufinder\plugins\mcufinder//mcu/
2022-09-22 09:29:41,401 [INFO] DbBoardsDocs:110 - Set database path to: C:\Users\hatru\.stmcufinder\plugins\mcufinder//mcu/
2022-09-22 09:29:41,401 [INFO] DbBoardsJson:57 - Set database path to: C:\Users\hatru\.stmcufinder\plugins\mcufinder//mcu/
2022-09-22 09:29:41,409 [INFO] CrossReferenceDbSqlite:196 - Set database path to: C:\Users\hatru\.stmcufinder\plugins\mcufinder//mcu/cs/
2022-09-22 09:29:41,409 [INFO] DbExamplesSqlite:767 - Set database path to: C:\Users\hatru\.stmcufinder\plugins\mcufinder//mcu/
2022-09-22 09:29:41,507 [INFO] RulesReader:57 - Compatibility file has been processed (242 Rules)
2022-09-22 09:29:41,589 [INFO] DbMcusXml:74 - Set database path to: E:\STM32\stm32cubeide_1.7.0\STM32CubeIDE\plugins\com.st.stm32cube.common.mx_6.3.0.202107141111\\db\/mcu/
2022-09-22 09:29:41,589 [INFO] DbBoardsPdsc:56 - Set plugin database path to: E:\STM32\stm32cubeide_1.7.0\STM32CubeIDE\plugins\com.st.stm32cube.common.mx_6.3.0.202107141111\\db\/plugins/boardmanager/
2022-09-22 09:29:41,589 [INFO] DbMcus:258 - Set plugin images path to: E:\STM32\stm32cubeide_1.7.0\STM32CubeIDE\plugins\com.st.stm32cube.common.mx_6.3.0.202107141111\\db\/plugins/mcufinder/images/
2022-09-22 09:29:41,589 [INFO] DbBoards:264 - Set plugin images path to: E:\STM32\stm32cubeide_1.7.0\STM32CubeIDE\plugins\com.st.stm32cube.common.mx_6.3.0.202107141111\\db\/plugins/mcufinder/images/
2022-09-22 09:29:41,589 [INFO] DbExamples:333 - Set plugin images path to: E:\STM32\stm32cubeide_1.7.0\STM32CubeIDE\plugins\com.st.stm32cube.common.mx_6.3.0.202107141111\\db\/plugins/mcufinder/images/
2022-09-22 09:29:41,589 [WARN] DbFile:35 - Overriding database path with different value: C:\Users\hatru\.stmcufinder\plugins\mcufinder/ => C:\Users\hatru\.stmcufinder\plugins\mcufinder
2022-09-22 09:29:41,589 [INFO] DbMcusAds:119 - Set database path to: C:\Users\hatru\.stmcufinder\plugins\mcufinder//mcu/
2022-09-22 09:29:41,589 [WARN] DbFile:35 - Overriding database path with different value: C:\Users\hatru\.stmcufinder\plugins\mcufinder/ => C:\Users\hatru\.stmcufinder\plugins\mcufinder
2022-09-22 09:29:41,589 [INFO] DbMcusDocs:110 - Set database path to: C:\Users\hatru\.stmcufinder\plugins\mcufinder//mcu/
2022-09-22 09:29:41,589 [WARN] DbFile:35 - Overriding database path with different value: C:\Users\hatru\.stmcufinder\plugins\mcufinder/ => C:\Users\hatru\.stmcufinder\plugins\mcufinder
2022-09-22 09:29:41,589 [INFO] DbMcusJson:64 - Set database path to: C:\Users\hatru\.stmcufinder\plugins\mcufinder//mcu/
2022-09-22 09:29:41,589 [WARN] DbFile:35 - Overriding database path with different value: C:\Users\hatru\.stmcufinder\plugins\mcufinder/ => C:\Users\hatru\.stmcufinder\plugins\mcufinder
2022-09-22 09:29:41,589 [INFO] DbBoardsDocs:110 - Set database path to: C:\Users\hatru\.stmcufinder\plugins\mcufinder//mcu/
2022-09-22 09:29:41,589 [WARN] DbFile:35 - Overriding database path with different value: C:\Users\hatru\.stmcufinder\plugins\mcufinder/ => C:\Users\hatru\.stmcufinder\plugins\mcufinder
2022-09-22 09:29:41,589 [INFO] DbBoardsJson:57 - Set database path to: C:\Users\hatru\.stmcufinder\plugins\mcufinder//mcu/
2022-09-22 09:29:41,589 [WARN] DbFile:35 - Overriding database path with different value: C:\Users\hatru\.stmcufinder\plugins\mcufinder/ => C:\Users\hatru\.stmcufinder\plugins\mcufinder
2022-09-22 09:29:41,589 [WARN] DbFile:35 - Overriding database path with different value: C:\Users\hatru\.stmcufinder\plugins\mcufinder/ => C:\Users\hatru\.stmcufinder\plugins\mcufinder
2022-09-22 09:29:41,589 [INFO] CrossReferenceDbSqlite:196 - Set database path to: C:\Users\hatru\.stmcufinder\plugins\mcufinder//mcu/cs/
2022-09-22 09:29:41,589 [WARN] DbFile:35 - Overriding database path with different value: C:\Users\hatru\.stmcufinder\plugins\mcufinder/ => C:\Users\hatru\.stmcufinder\plugins\mcufinder
2022-09-22 09:29:41,589 [INFO] DbExamplesSqlite:767 - Set database path to: C:\Users\hatru\.stmcufinder\plugins\mcufinder//mcu/
2022-09-22 09:29:41,646 [INFO] MainPanel:214 - HeapMemory: 268435456
2022-09-22 09:29:41,719 [INFO] DbMcusXml:74 - Set database path to: E:\STM32\stm32cubeide_1.7.0\STM32CubeIDE\plugins\com.st.stm32cube.common.mx_6.3.0.202107141111\\db\/mcu/
2022-09-22 09:29:41,719 [INFO] DbBoardsPdsc:56 - Set plugin database path to: E:\STM32\stm32cubeide_1.7.0\STM32CubeIDE\plugins\com.st.stm32cube.common.mx_6.3.0.202107141111\\db\/plugins/boardmanager/
2022-09-22 09:29:41,719 [INFO] DbMcus:258 - Set plugin images path to: E:\STM32\stm32cubeide_1.7.0\STM32CubeIDE\plugins\com.st.stm32cube.common.mx_6.3.0.202107141111\\db\/plugins/mcufinder/images/
2022-09-22 09:29:41,719 [INFO] DbBoards:264 - Set plugin images path to: E:\STM32\stm32cubeide_1.7.0\STM32CubeIDE\plugins\com.st.stm32cube.common.mx_6.3.0.202107141111\\db\/plugins/mcufinder/images/
2022-09-22 09:29:41,719 [INFO] DbExamples:333 - Set plugin images path to: E:\STM32\stm32cubeide_1.7.0\STM32CubeIDE\plugins\com.st.stm32cube.common.mx_6.3.0.202107141111\\db\/plugins/mcufinder/images/
2022-09-22 09:29:41,719 [WARN] DbFile:35 - Overriding database path with different value: C:\Users\hatru\.stmcufinder\plugins\mcufinder/ => C:\Users\hatru\.stmcufinder\plugins\mcufinder
2022-09-22 09:29:41,719 [INFO] DbMcusAds:119 - Set database path to: C:\Users\hatru\.stmcufinder\plugins\mcufinder//mcu/
2022-09-22 09:29:41,719 [WARN] DbFile:35 - Overriding database path with different value: C:\Users\hatru\.stmcufinder\plugins\mcufinder/ => C:\Users\hatru\.stmcufinder\plugins\mcufinder
2022-09-22 09:29:41,719 [INFO] DbMcusDocs:110 - Set database path to: C:\Users\hatru\.stmcufinder\plugins\mcufinder//mcu/
2022-09-22 09:29:41,719 [WARN] DbFile:35 - Overriding database path with different value: C:\Users\hatru\.stmcufinder\plugins\mcufinder/ => C:\Users\hatru\.stmcufinder\plugins\mcufinder
2022-09-22 09:29:41,719 [INFO] DbMcusJson:64 - Set database path to: C:\Users\hatru\.stmcufinder\plugins\mcufinder//mcu/
2022-09-22 09:29:41,719 [WARN] DbFile:35 - Overriding database path with different value: C:\Users\hatru\.stmcufinder\plugins\mcufinder/ => C:\Users\hatru\.stmcufinder\plugins\mcufinder
2022-09-22 09:29:41,719 [INFO] DbBoardsDocs:110 - Set database path to: C:\Users\hatru\.stmcufinder\plugins\mcufinder//mcu/
2022-09-22 09:29:41,719 [WARN] DbFile:35 - Overriding database path with different value: C:\Users\hatru\.stmcufinder\plugins\mcufinder/ => C:\Users\hatru\.stmcufinder\plugins\mcufinder
2022-09-22 09:29:41,719 [INFO] DbBoardsJson:57 - Set database path to: C:\Users\hatru\.stmcufinder\plugins\mcufinder//mcu/
2022-09-22 09:29:41,719 [WARN] DbFile:35 - Overriding database path with different value: C:\Users\hatru\.stmcufinder\plugins\mcufinder/ => C:\Users\hatru\.stmcufinder\plugins\mcufinder
2022-09-22 09:29:41,719 [WARN] DbFile:35 - Overriding database path with different value: C:\Users\hatru\.stmcufinder\plugins\mcufinder/ => C:\Users\hatru\.stmcufinder\plugins\mcufinder
2022-09-22 09:29:41,719 [INFO] CrossReferenceDbSqlite:196 - Set database path to: C:\Users\hatru\.stmcufinder\plugins\mcufinder//mcu/cs/
2022-09-22 09:29:41,719 [WARN] DbFile:35 - Overriding database path with different value: C:\Users\hatru\.stmcufinder\plugins\mcufinder/ => C:\Users\hatru\.stmcufinder\plugins\mcufinder
2022-09-22 09:29:41,719 [INFO] DbExamplesSqlite:767 - Set database path to: C:\Users\hatru\.stmcufinder\plugins\mcufinder//mcu/
2022-09-22 09:29:41,735 [INFO] ApplicationProperties:181 - Using Application install path: E:\STM32\stm32cubeide_1.7.0\STM32CubeIDE\plugins\com.st.stm32cube.common.mx_6.3.0.202107141111
2022-09-22 09:29:41,735 [INFO] PluginManage:188 - Search for loadable plugins [exclusion list=, ]
2022-09-22 09:29:41,743 [INFO] PluginManage:302 - Check plugin analytics
2022-09-22 09:29:41,922 [INFO] AnalyticsPlugin:257 - Accepted Software Licenses: 
2022-09-22 09:29:41,922 [INFO] AnalyticsPlugin:259 - Accepted CMSIS Pack Licenses: 
2022-09-22 09:29:41,922 [INFO] AnalyticsPlugin:261 - Accepted Firmware Licenses: 
2022-09-22 09:29:41,922 [INFO] PluginManage:352 - Loaded plugin analytics (category:tool,tabindex:-1)
2022-09-22 09:29:41,922 [INFO] PluginManage:302 - Check plugin clock
2022-09-22 09:29:41,930 [INFO] PluginManage:352 - Loaded plugin clock (category:base,tabindex:2)
2022-09-22 09:29:41,938 [INFO] PluginManage:302 - Check plugin ddr
2022-09-22 09:29:41,938 [INFO] PluginManage:352 - Loaded plugin ddr (category:tool,tabindex:6)
2022-09-22 09:29:41,938 [INFO] PluginManage:302 - Check plugin filemanager
2022-09-22 09:29:42,085 [INFO] PluginManage:352 - Loaded plugin filemanager (category:base,tabindex:10)
2022-09-22 09:29:42,085 [INFO] PluginManage:302 - Check plugin ipmanager
2022-09-22 09:29:42,093 [INFO] PluginManage:352 - Loaded plugin ipmanager (category:base,tabindex:5)
2022-09-22 09:29:42,093 [INFO] PluginManage:302 - Check plugin pinoutandconfiguration
2022-09-22 09:29:42,101 [INFO] PluginManage:352 - Loaded plugin pinoutandconfiguration (category:base,tabindex:1)
2022-09-22 09:29:42,101 [INFO] PluginManage:302 - Check plugin pinoutconfig
2022-09-22 09:29:42,125 [INFO] PluginManage:352 - Loaded plugin pinoutconfig (category:base,tabindex:0)
2022-09-22 09:29:42,125 [INFO] PluginManage:302 - Check plugin power
2022-09-22 09:29:42,133 [INFO] PluginManage:352 - Loaded plugin power (category:power,tabindex:4)
2022-09-22 09:29:42,133 [INFO] PluginManage:302 - Check plugin projectmanager
2022-09-22 09:29:42,149 [INFO] PluginManage:352 - Loaded plugin projectmanager (category:projectmanager,tabindex:3)
2022-09-22 09:29:42,149 [INFO] PluginManage:302 - Check plugin thirdparty
2022-09-22 09:29:42,263 [INFO] PluginManage:352 - Loaded plugin thirdparty (category:base,tabindex:-1)
2022-09-22 09:29:42,263 [INFO] PluginManage:302 - Check plugin tools
2022-09-22 09:29:42,263 [WARN] IntegrityCheckThread:78 - waiting for thirdparty lock release [integrity check]
2022-09-22 09:29:42,263 [INFO] IntegrityCheckThread:80 - entering critical section [integrity check]
2022-09-22 09:29:42,263 [INFO] ThirdPartyUpdaterWithRetryManager:66 - Updater plugin not ready yet. [1/15]
2022-09-22 09:29:42,271 [INFO] PluginManage:352 - Loaded plugin tools (category:base,tabindex:7)
2022-09-22 09:29:42,271 [INFO] PluginManage:302 - Check plugin tutovideos
2022-09-22 09:29:42,506 [INFO] PluginManage:352 - Loaded plugin tutovideos (category:base,tabindex:-1)
2022-09-22 09:29:42,506 [INFO] PluginManage:302 - Check plugin updater
2022-09-22 09:29:42,522 [INFO] PluginManage:352 - Loaded plugin updater (category:base,tabindex:12)
2022-09-22 09:29:42,522 [INFO] PluginManage:275 - PluginManage : Loaded plugins [13]
2022-09-22 09:29:42,686 [INFO] PinOutPanel:1463 - setPackage(No Configuration,No Configuration)
2022-09-22 09:29:42,768 [INFO] IPUIPlugin:74 - create IPUIPlugin
2022-09-22 09:29:42,768 [INFO] PluginManager:213 - loadIPPluginJar : add adc
2022-09-22 09:29:42,768 [INFO] IPUIPlugin:74 - create IPUIPlugin
2022-09-22 09:29:42,768 [INFO] PluginManager:213 - loadIPPluginJar : add aes
2022-09-22 09:29:42,776 [INFO] IPUIPlugin:74 - create IPUIPlugin
2022-09-22 09:29:42,776 [INFO] PluginManager:213 - loadIPPluginJar : add can
2022-09-22 09:29:42,776 [INFO] IPUIPlugin:74 - create IPUIPlugin
2022-09-22 09:29:42,776 [INFO] PluginManager:213 - loadIPPluginJar : add comp
2022-09-22 09:29:42,776 [INFO] IPUIPlugin:74 - create IPUIPlugin
2022-09-22 09:29:42,776 [INFO] PluginManager:213 - loadIPPluginJar : add cryp
2022-09-22 09:29:42,776 [INFO] IPUIPlugin:74 - create IPUIPlugin
2022-09-22 09:29:42,776 [INFO] PluginManager:213 - loadIPPluginJar : add dfsdm
2022-09-22 09:29:42,784 [INFO] IPUIPlugin:74 - create IPUIPlugin
2022-09-22 09:29:42,784 [INFO] PluginManager:213 - loadIPPluginJar : add dma
2022-09-22 09:29:42,784 [INFO] IPUIPlugin:74 - create IPUIPlugin
2022-09-22 09:29:42,784 [INFO] PluginManager:213 - loadIPPluginJar : add dma3
2022-09-22 09:29:42,792 [INFO] IPUIPlugin:74 - create IPUIPlugin
2022-09-22 09:29:42,792 [INFO] PluginManager:213 - loadIPPluginJar : add fatfs
2022-09-22 09:29:42,792 [INFO] IPUIPlugin:74 - create IPUIPlugin
2022-09-22 09:29:42,792 [INFO] PluginManager:213 - loadIPPluginJar : add fmc
2022-09-22 09:29:42,800 [INFO] IPUIPlugin:74 - create IPUIPlugin
2022-09-22 09:29:42,800 [INFO] PluginManager:213 - loadIPPluginJar : add freertos
2022-09-22 09:29:42,800 [INFO] IPUIPlugin:74 - create IPUIPlugin
2022-09-22 09:29:42,800 [INFO] PluginManager:213 - loadIPPluginJar : add genericplugin
2022-09-22 09:29:42,800 [INFO] IPUIPlugin:74 - create IPUIPlugin
2022-09-22 09:29:42,800 [INFO] PluginManager:213 - loadIPPluginJar : add gfxmmu
2022-09-22 09:29:42,808 [INFO] IPUIPlugin:74 - create IPUIPlugin
2022-09-22 09:29:42,808 [INFO] PluginManager:213 - loadIPPluginJar : add gic
2022-09-22 09:29:42,808 [INFO] IPUIPlugin:74 - create IPUIPlugin
2022-09-22 09:29:42,808 [INFO] PluginManager:213 - loadIPPluginJar : add gpio
2022-09-22 09:29:42,816 [INFO] IPUIPlugin:74 - create IPUIPlugin
2022-09-22 09:29:42,816 [INFO] PluginManager:213 - loadIPPluginJar : add gtzc
2022-09-22 09:29:42,816 [INFO] IPUIPlugin:74 - create IPUIPlugin
2022-09-22 09:29:42,816 [INFO] PluginManager:213 - loadIPPluginJar : add hash
2022-09-22 09:29:42,816 [INFO] IPUIPlugin:74 - create IPUIPlugin
2022-09-22 09:29:42,816 [INFO] PluginManager:213 - loadIPPluginJar : add i2c
2022-09-22 09:29:42,816 [INFO] IPUIPlugin:74 - create IPUIPlugin
2022-09-22 09:29:42,816 [INFO] PluginManager:213 - loadIPPluginJar : add i2s
2022-09-22 09:29:42,824 [INFO] IPUIPlugin:74 - create IPUIPlugin
2022-09-22 09:29:42,824 [INFO] PluginManager:213 - loadIPPluginJar : add ipddr
2022-09-22 09:29:42,832 [INFO] IPUIPlugin:74 - create IPUIPlugin
2022-09-22 09:29:42,832 [INFO] PluginManager:213 - loadIPPluginJar : add linkedlist
2022-09-22 09:29:42,832 [INFO] IPUIPlugin:74 - create IPUIPlugin
2022-09-22 09:29:42,832 [INFO] PluginManager:213 - loadIPPluginJar : add lorawan
2022-09-22 09:29:42,832 [INFO] IPUIPlugin:74 - create IPUIPlugin
2022-09-22 09:29:42,832 [INFO] PluginManager:213 - loadIPPluginJar : add ltdc
2022-09-22 09:29:42,832 [INFO] IPUIPlugin:74 - create IPUIPlugin
2022-09-22 09:29:42,832 [INFO] PluginManager:213 - loadIPPluginJar : add mdma
2022-09-22 09:29:42,841 [INFO] IPUIPlugin:74 - create IPUIPlugin
2022-09-22 09:29:42,841 [INFO] PluginManager:213 - loadIPPluginJar : add nvic
2022-09-22 09:29:42,841 [INFO] IPUIPlugin:74 - create IPUIPlugin
2022-09-22 09:29:42,841 [INFO] PluginManager:213 - loadIPPluginJar : add opamp
2022-09-22 09:29:42,841 [INFO] IPUIPlugin:74 - create IPUIPlugin
2022-09-22 09:29:42,841 [INFO] PluginManager:213 - loadIPPluginJar : add openamp
2022-09-22 09:29:42,849 [INFO] IPUIPlugin:74 - create IPUIPlugin
2022-09-22 09:29:42,849 [INFO] PluginManager:213 - loadIPPluginJar : add pdm2pcm
2022-09-22 09:29:42,857 [INFO] IPUIPlugin:74 - create IPUIPlugin
2022-09-22 09:29:42,857 [INFO] PluginManager:213 - loadIPPluginJar : add plateformsettings
2022-09-22 09:29:42,857 [INFO] IPUIPlugin:74 - create IPUIPlugin
2022-09-22 09:29:42,857 [INFO] PluginManager:213 - loadIPPluginJar : add quadspi
2022-09-22 09:29:42,857 [INFO] IPUIPlugin:74 - create IPUIPlugin
2022-09-22 09:29:42,857 [INFO] PluginManager:213 - loadIPPluginJar : add resmgrutility
2022-09-22 09:29:42,865 [INFO] IPUIPlugin:74 - create IPUIPlugin
2022-09-22 09:29:42,865 [INFO] PluginManager:213 - loadIPPluginJar : add sai
2022-09-22 09:29:42,865 [INFO] IPUIPlugin:74 - create IPUIPlugin
2022-09-22 09:29:42,865 [INFO] PluginManager:213 - loadIPPluginJar : add spi
2022-09-22 09:29:42,865 [INFO] IPUIPlugin:74 - create IPUIPlugin
2022-09-22 09:29:42,873 [INFO] PluginManager:213 - loadIPPluginJar : add stm32_wpan
2022-09-22 09:29:42,873 [INFO] IPUIPlugin:74 - create IPUIPlugin
2022-09-22 09:29:42,873 [INFO] PluginManager:213 - loadIPPluginJar : add tim
2022-09-22 09:29:42,873 [INFO] IPUIPlugin:74 - create IPUIPlugin
2022-09-22 09:29:42,873 [INFO] PluginManager:213 - loadIPPluginJar : add touchsensing
2022-09-22 09:29:42,873 [INFO] IPUIPlugin:74 - create IPUIPlugin
2022-09-22 09:29:42,873 [INFO] PluginManager:213 - loadIPPluginJar : add tracer_emb
2022-09-22 09:29:42,873 [INFO] IPUIPlugin:74 - create IPUIPlugin
2022-09-22 09:29:42,881 [INFO] PluginManager:213 - loadIPPluginJar : add ts
2022-09-22 09:29:42,881 [INFO] IPUIPlugin:74 - create IPUIPlugin
2022-09-22 09:29:42,881 [INFO] PluginManager:213 - loadIPPluginJar : add tsc
2022-09-22 09:29:42,881 [INFO] IPUIPlugin:74 - create IPUIPlugin
2022-09-22 09:29:42,881 [INFO] PluginManager:213 - loadIPPluginJar : add ucpd
2022-09-22 09:29:42,881 [INFO] IPUIPlugin:74 - create IPUIPlugin
2022-09-22 09:29:42,881 [INFO] PluginManager:213 - loadIPPluginJar : add usart
2022-09-22 09:29:42,881 [INFO] IPUIPlugin:74 - create IPUIPlugin
2022-09-22 09:29:42,881 [INFO] PluginManager:213 - loadIPPluginJar : add usbx
2022-09-22 09:29:43,196 [FATAL] Updater:294 - Updater called before beeing initialized
2022-09-22 09:29:43,310 [FATAL] Updater:294 - Updater called before beeing initialized
2022-09-22 09:29:43,310 [INFO] DbMcusAds:47 - JSON generation date=Thu Sep 30 13:55:09 ICT 2021 (1632984909247)
2022-09-22 09:29:43,318 [FATAL] Updater:294 - Updater called before beeing initialized
2022-09-22 09:29:43,350 [WARN] DetailPanel:314 - Failed to get advertising image, set to default
2022-09-22 09:29:43,488 [FATAL] Updater:294 - Updater called before beeing initialized
2022-09-22 09:29:43,488 [FATAL] Updater:294 - Updater called before beeing initialized
2022-09-22 09:29:43,488 [FATAL] Updater:294 - Updater called before beeing initialized
2022-09-22 09:29:43,488 [WARN] DetailPanel:314 - Failed to get advertising image, set to default
2022-09-22 09:29:43,488 [FATAL] Updater:294 - Updater called before beeing initialized
2022-09-22 09:29:43,561 [ERROR] Updater:1075 - MainUpdater not yet initialized. External WinMGr cannot be set.
2022-09-22 09:29:43,561 [INFO] Updater:1012 - Updater Version found : 6.3.0
2022-09-22 09:29:43,577 [INFO] ApplicationProperties:181 - Using Application install path: E:\STM32\stm32cubeide_1.7.0\STM32CubeIDE\plugins\com.st.stm32cube.common.mx_6.3.0.202107141111
2022-09-22 09:29:44,566 [INFO] MainUpdater:2671 - connection check result : 10
2022-09-22 09:29:44,566 [INFO] MainUpdater:265 - Updater Check For Update Now.
2022-09-22 09:29:44,566 [INFO] MicroXplorer:478 - Change Database Version : DB.6.0.30
2022-09-22 09:29:44,731 [INFO] CheckServerUpdateThread:112 - End of CheckServer Thread
2022-09-22 09:29:44,802 [INFO] MainUpdater:2671 - connection check result : 10
2022-09-22 09:29:45,031 [INFO] McuFinderGlobals:52 - Set McuFinderConnectedMode to false
2022-09-22 09:29:45,144 [INFO] CrossSelectorPresenter:1330 - Cross Selector saved comparison directory: C:\Users\hatru\.stmcufinder\plugins\mcufinder\mcu\cs_comparisons_mx
2022-09-22 09:29:45,152 [INFO] MultiScanPanel:197 - Auto-refresh data requested => check proxy status ongoing
2022-09-22 09:29:45,152 [INFO] MultiScanPanel:201 - Proxy status is invalid
2022-09-22 09:29:45,156 [INFO] FinderPluginLoader:87 - Searching for filters in installed packs
2022-09-22 09:29:45,156 [INFO] DbMcusXml:100 - Load MCU database from E:\STM32\stm32cubeide_1.7.0\STM32CubeIDE\plugins\com.st.stm32cube.common.mx_6.3.0.202107141111\\db\/mcu/families.xml
2022-09-22 09:29:45,467 [WARN] PackLoader:238 - Cannot read IP mode file for STMicroelectronics.X-CUBE-GNSS1.6.0.0
2022-09-22 09:29:45,515 [WARN] PackLoader:238 - Cannot read IP mode file for STMicroelectronics.X-CUBE-AZRTOS-F4.1.1.0
2022-09-22 09:29:45,555 [WARN] PackLoader:238 - Cannot read IP mode file for STMicroelectronics.X-CUBE-AZRTOS-F7.1.1.0
2022-09-22 09:29:45,575 [WARN] PackLoader:238 - Cannot read IP mode file for STMicroelectronics.X-CUBE-BLE1.6.2.3
2022-09-22 09:29:45,583 [WARN] PackLoader:238 - Cannot read IP mode file for STMicroelectronics.X-CUBE-NFC4.2.0.4
2022-09-22 09:29:45,607 [WARN] PackLoader:238 - Cannot read IP mode file for STMicroelectronics.X-CUBE-TOF1.3.1.0
2022-09-22 09:29:45,627 [WARN] PackLoader:238 - Cannot read IP mode file for wolfSSL.I-CUBE-wolfSSL.5.5.0
2022-09-22 09:29:45,635 [WARN] PackLoader:238 - Cannot read IP mode file for STMicroelectronics.X-CUBE-NFC7.1.0.0
2022-09-22 09:29:45,741 [WARN] PackLoader:238 - Cannot read IP mode file for STMicroelectronics.X-CUBE-MEMS1.9.3.0
2022-09-22 09:29:45,997 [WARN] PackLoader:238 - Cannot read IP mode file for STMicroelectronics.X-CUBE-AI.7.2.0
2022-09-22 09:29:46,005 [WARN] PackLoader:238 - Cannot read IP mode file for STMicroelectronics.X-CUBE-SFXS2LP1.4.0.0
2022-09-22 09:29:46,005 [WARN] PackLoader:238 - Cannot read IP mode file for STMicroelectronics.X-CUBE-BLE2.3.3.0
2022-09-22 09:29:46,021 [WARN] PackLoader:238 - Cannot read IP mode file for STMicroelectronics.X-CUBE-DISPLAY.2.2.0
2022-09-22 09:29:46,029 [WARN] PackLoader:238 - Cannot read IP mode file for STMicroelectronics.X-CUBE-ISPU.1.0.0
2022-09-22 09:29:46,039 [WARN] PackLoader:238 - Cannot read IP mode file for RoweBots.I-CUBE-UNISONRTOS.5.5.0-4
2022-09-22 09:29:46,067 [WARN] PackLoader:238 - Cannot read IP mode file for STMicroelectronics.X-CUBE-AZRTOS-H7.2.1.0
2022-09-22 09:29:46,093 [WARN] PackLoader:238 - Cannot read IP mode file for STMicroelectronics.X-CUBE-BLEMGR.1.0.0
2022-09-22 09:29:46,101 [WARN] PackLoader:238 - Cannot read IP mode file for STMicroelectronics.X-CUBE-ALGOBUILD.1.3.0
2022-09-22 09:29:46,125 [WARN] PackLoader:238 - Cannot read IP mode file for STMicroelectronics.X-CUBE-AZRTOS-G0.1.1.0
2022-09-22 09:29:46,151 [WARN] PackLoader:238 - Cannot read IP mode file for STMicroelectronics.X-CUBE-SUBG2.5.0.0
2022-09-22 09:29:46,208 [WARN] PackLoader:238 - Cannot read IP mode file for SEGGER.I-CUBE-embOS.1.2.0
2022-09-22 09:29:46,241 [INFO] DbMcusJson:93 - JSON generation date=Tue Nov 16 23:17:54 ICT 2021 (1637079474)
2022-09-22 09:29:46,257 [WARN] PackLoader:238 - Cannot read IP mode file for STMicroelectronics.FP-ATR-ASTRA1.1.1.1
2022-09-22 09:29:46,273 [WARN] PackLoader:238 - Cannot read IP mode file for STMicroelectronics.X-CUBE-AZRTOS-G4.1.0.0
2022-09-22 09:29:46,338 [WARN] PackLoader:238 - Cannot read IP mode file for STMicroelectronics.X-CUBE-AZRTOS-L4.1.0.0
2022-09-22 09:29:46,354 [WARN] PackLoader:238 - Cannot read IP mode file for emotas.I-CUBE-CANOPEN.1.1.2
2022-09-22 09:29:46,362 [WARN] PackLoader:238 - Cannot read IP mode file for STMicroelectronics.X-CUBE-TOUCHGFX.4.20.0
2022-09-22 09:29:46,379 [WARN] PackLoader:238 - Cannot read IP mode file for STMicroelectronics.X-CUBE-AZRTOS-WL.1.0.0
2022-09-22 09:29:46,387 [WARN] PackLoader:238 - Cannot read IP mode file for portGmbH.I-Cube-SoM-uGOAL.1.1.0
2022-09-22 09:29:46,395 [WARN] PackLoader:238 - Cannot read IP mode file for STMicroelectronics.X-CUBE-ALS.1.0.1
2022-09-22 09:29:46,419 [WARN] PackLoader:238 - Cannot read IP mode file for STMicroelectronics.X-CUBE-AZRTOS-L5.1.0.0
2022-09-22 09:29:46,427 [WARN] PackLoader:238 - Cannot read IP mode file for STMicroelectronics.X-CUBE-EEPRMA1.3.1.1
2022-09-22 09:29:46,427 [INFO] ThirdParty:915 - Integrity check success = true
2022-09-22 09:29:46,427 [INFO] IntegrityCheckThread:94 - exiting critical section [integrity check]
2022-09-22 09:29:46,427 [INFO] IntegrityCheckThread:97 - End integrity checks thread
2022-09-22 09:29:47,092 [INFO] DbMcus:175 - Found 1951 MCUs (1903 are supported by CubeMX, 1914 are visible in CubeMX)
2022-09-22 09:29:47,092 [INFO] ApiDb:251 - Load user favorites file C:\Users\hatru/.stm32cubeide/favorites.mcus.txt: 0 item(s)
2022-09-22 09:29:47,092 [INFO] ApiDb:255 - User favorites MCUs=[]
2022-09-22 09:29:47,092 [INFO] DbMcus:187 - Set 0 / 0 favorites MCUs
2022-09-22 09:29:47,655 [INFO] DetailPanel:309 - Set advertising image to C:/Users/hatru/STM32Cube/Repository/\en.Prom_NBSTM32U50921.jpg
2022-09-22 09:29:48,196 [INFO] DbBoardsPdsc:90 - Found 25 items
2022-09-22 09:29:48,196 [INFO] DbBoardsPdsc:90 - Found 9 items
2022-09-22 09:29:48,196 [INFO] DbBoardsPdsc:90 - Found 33 items
2022-09-22 09:29:48,204 [INFO] DbBoardsPdsc:90 - Found 1 items
2022-09-22 09:29:48,204 [INFO] DbBoardsPdsc:90 - Found 48 items
2022-09-22 09:29:48,212 [INFO] DbBoardsPdsc:90 - Found 43 items
2022-09-22 09:29:48,220 [INFO] DbBoardsPdsc:90 - Found 2 items
2022-09-22 09:29:48,220 [INFO] DbBoardsPdsc:90 - Found 5 items
2022-09-22 09:29:48,220 [WARN] DbBoardsPdsc:254 - Board STM32H7B3I-DK: unknown feature type=Audio, name=, username=Audio stereo codec with Headphone Amp (CS42L51-CNZ), n=1
2022-09-22 09:29:48,220 [WARN] DbBoardsPdsc:254 - Board STM32H735G-DK: unknown feature type=Audio, name=, username=Audio stereo codec with Headphone Amp (WM8994ECS/R), n=1
2022-09-22 09:29:48,229 [WARN] DbBoardsPdsc:254 - Board STM32H7B3I-EVAL: unknown feature type=Audio, name=, username=Multi-Channel Audio Codec (CS42L51-CNZ), n=1
2022-09-22 09:29:48,229 [WARN] DbBoardsPdsc:254 - Board STM32H7B3I-EVAL: unknown feature type=Meter, name=, username=Power-metering and Temperature-monitoring with sigma-delta modulators, n=1
2022-09-22 09:29:48,229 [WARN] DbBoardsPdsc:254 - Board STM32H7B3I-EVAL: unknown feature type=Motor, name=, username=Motor Control, n=1
2022-09-22 09:29:48,229 [WARN] DbBoardsPdsc:254 - Board STM32U575I-EV: unknown feature type=joystick, name=, username=4-direction joystick with selection button, n=1
2022-09-22 09:29:48,245 [INFO] DbBoardsJson:86 - JSON generation date=Tue Nov 16 23:17:54 ICT 2021 (1637079474)
2022-09-22 09:29:48,253 [INFO] DbBoards:117 - Found 167 boards (163 are supported by CubeMX)
2022-09-22 09:29:48,253 [INFO] DbBoardsDocs:143 - JSON generation date=Tue Nov 16 23:17:54 ICT 2021 (1637079474)
2022-09-22 09:29:48,261 [INFO] DbBoardsDocs:79 - Found 209 boards documents
2022-09-22 09:29:48,261 [WARN] DbBoards:127 - board B-L475E-IOT01A2 has no document id list !
2022-09-22 09:29:48,261 [WARN] DbBoards:127 - board NUCLEO-H743ZI has no document id list !
2022-09-22 09:29:48,261 [WARN] DbBoards:127 - board NUCLEO-WL55JC2 has no document id list !
2022-09-22 09:29:48,261 [WARN] DbBoards:127 - board P-NUCLEO-WB55-Nucleo has no document id list !
2022-09-22 09:29:48,261 [WARN] DbBoards:127 - board P-NUCLEO-WB55-USBDongle has no document id list !
2022-09-22 09:29:48,261 [WARN] DbBoards:127 - board STEVAL-BFA001V1B has no document id list !
2022-09-22 09:29:48,261 [WARN] DbBoards:127 - board STEVAL-BFA001V2B has no document id list !
2022-09-22 09:29:48,261 [WARN] DbBoards:127 - board STEVAL-IDP005V1 has no document id list !
2022-09-22 09:29:48,261 [WARN] DbBoards:127 - board STEVAL-IDP005V2 has no document id list !
2022-09-22 09:29:48,269 [WARN] DbBoards:127 - board STEVAL-MKSBOX1V1 has no document id list !
2022-09-22 09:29:48,269 [WARN] DbBoards:127 - board STEVAL-STWINKT1 has no document id list !
2022-09-22 09:29:48,269 [WARN] DbBoards:127 - board STEVAL-STWINKT1B has no document id list !
2022-09-22 09:29:48,269 [WARN] DbBoards:127 - board STM32439I-EVAL2 has no document id list !
2022-09-22 09:29:48,269 [WARN] DbBoards:127 - board STM32F401C-DISCO has no document id list !
2022-09-22 09:29:48,269 [WARN] DbBoards:127 - board STM32F769I-DISC1 has no document id list !
2022-09-22 09:29:48,269 [WARN] DbBoards:127 - board STM32G474E-EVAL1 has no document id list !
2022-09-22 09:29:48,269 [WARN] DbBoards:127 - board STM32H743I-EVAL2 has no document id list !
2022-09-22 09:29:48,269 [WARN] DbBoards:127 - board STM32H747I-DISC1 has no document id list !
2022-09-22 09:29:48,269 [WARN] DbBoards:127 - board STM32H753I-EVAL2 has no document id list !
2022-09-22 09:29:48,269 [WARN] DbBoards:127 - board STM32L-DISCOVERY has no document id list !
2022-09-22 09:29:48,423 [ERROR] DbBoards:189 - Image file not found for board B-U585I-IOT02A: E:\STM32\stm32cubeide_1.7.0\STM32CubeIDE\plugins\com.st.stm32cube.common.mx_6.3.0.202107141111\\db\/plugins/mcufinder/images/boards/B-U585I-IOT02A_small.jpg
2022-09-22 09:29:48,561 [ERROR] DbBoards:189 - Image file not found for board NUCLEO-F413ZH: E:\STM32\stm32cubeide_1.7.0\STM32CubeIDE\plugins\com.st.stm32cube.common.mx_6.3.0.202107141111\\db\/plugins/mcufinder/images/boards/nucleo-f413zh_small.jpg
2022-09-22 09:29:48,805 [ERROR] DbBoards:189 - Image file not found for board NUCLEO-L552ZE-Q: E:\STM32\stm32cubeide_1.7.0\STM32CubeIDE\plugins\com.st.stm32cube.common.mx_6.3.0.202107141111\\db\/plugins/mcufinder/images/boards/nucleo_l552ze_q_small.jpg
2022-09-22 09:29:48,805 [ERROR] DbBoards:189 - Image file not found for board NUCLEO-U575ZI-Q: E:\STM32\stm32cubeide_1.7.0\STM32CubeIDE\plugins\com.st.stm32cube.common.mx_6.3.0.202107141111\\db\/plugins/mcufinder/images/boards/nucleo-u575zi-q_small.jpg
2022-09-22 09:29:48,805 [ERROR] DbBoards:189 - Image file not found for board NUCLEO-WB15CC: E:\STM32\stm32cubeide_1.7.0\STM32CubeIDE\plugins\com.st.stm32cube.common.mx_6.3.0.202107141111\\db\/plugins/mcufinder/images/boards/nucleo-wb15cc_small.jpg
2022-09-22 09:29:48,805 [ERROR] DbBoards:189 - Image file not found for board NUCLEO-WB55RG: E:\STM32\stm32cubeide_1.7.0\STM32CubeIDE\plugins\com.st.stm32cube.common.mx_6.3.0.202107141111\\db\/plugins/mcufinder/images/boards/nucleo-wb55rg_small.jpg
2022-09-22 09:29:50,244 [INFO] ApiDb:251 - Load user favorites file C:\Users\hatru/.stm32cubeide/favorites.boards.txt: 0 item(s)
2022-09-22 09:29:50,244 [INFO] ApiDb:255 - User favorites Boards=[]
2022-09-22 09:29:50,244 [INFO] DbBoards:206 - Set 0 / 0 favorites Boards
2022-09-22 09:30:12,179 [INFO] MainUpdater:2671 - connection check result : 10
2022-09-22 09:30:12,179 [INFO] MainUpdater:2671 - connection check result : 10
2022-09-22 09:30:12,224 [INFO] MicroXplorer:448 - Change Database Path : 
2022-09-22 09:30:12,224 [INFO] MicroXplorer:478 - Change Database Version : DB.6.0.30
2022-09-22 09:30:12,228 [WARN] ThirdParty:813 - waiting for thirdparty lock release [close project]
2022-09-22 09:30:12,228 [INFO] ThirdParty:815 - entering critical section [close project]
2022-09-22 09:30:12,228 [INFO] ThirdParty:825 - exiting critical section [close project]
2022-09-22 09:30:12,236 [INFO] PinOutPanel:1463 - setPackage(No Configuration,No Configuration)
2022-09-22 09:30:12,236 [INFO] UtilMem:74 - Begin LoadConfig() Used Memory: 517520072 Bytes (751828992)
2022-09-22 09:30:12,238 [INFO] MicroXplorer:448 - Change Database Path : 
2022-09-22 09:30:12,238 [INFO] MicroXplorer:478 - Change Database Version : DB.6.0.30
2022-09-22 09:30:12,238 [INFO] OpenFileManager:313 - Change cursor
2022-09-22 09:30:13,022 [INFO] Context:592 - Trying to add GPIOservice into a context  which must be forbidden
2022-09-22 09:30:13,321 [WARN] ApiManager:304 - Cannot register API 'Board Extension:GNSS1A1' from pack STMicroelectronics.X-CUBE-GNSS1.6.0.0: no header file found
2022-09-22 09:30:13,321 [WARN] ApiManager:304 - Cannot register API 'Board Support:Custom' from pack STMicroelectronics.X-CUBE-GNSS1.6.0.0: no header file found
2022-09-22 09:30:13,321 [WARN] ApiManager:304 - Cannot register API 'Data Exchange:lib_gnss' from pack STMicroelectronics.X-CUBE-GNSS1.6.0.0: no header file found
2022-09-22 09:30:13,338 [WARN] ModelIntegratedComponent:60 - No mode defined for component null
2022-09-22 09:30:13,338 [WARN] ModelIntegratedComponent:60 - No mode defined for component null
2022-09-22 09:30:13,338 [WARN] ModelIntegratedComponent:60 - No mode defined for component null
2022-09-22 09:30:13,338 [WARN] ModelIntegratedComponent:60 - No mode defined for component null
2022-09-22 09:30:13,338 [WARN] ModelIntegratedComponent:60 - No mode defined for component null
2022-09-22 09:30:13,338 [WARN] ModelIntegratedComponent:60 - No mode defined for component null
2022-09-22 09:30:13,338 [WARN] ModelIntegratedComponent:60 - No mode defined for component null
2022-09-22 09:30:13,338 [WARN] ModelIntegratedComponent:60 - No mode defined for component null
2022-09-22 09:30:13,338 [WARN] ModelIntegratedComponent:60 - No mode defined for component null
2022-09-22 09:30:13,338 [WARN] ModelIntegratedComponent:60 - No mode defined for component null
2022-09-22 09:30:13,338 [WARN] ModelIntegratedComponent:60 - No mode defined for component null
2022-09-22 09:30:13,338 [WARN] ModelIntegratedComponent:60 - No mode defined for component null
2022-09-22 09:30:13,338 [WARN] ModelIntegratedComponent:60 - No mode defined for component null
2022-09-22 09:30:13,338 [WARN] ModelIntegratedComponent:60 - No mode defined for component null
2022-09-22 09:30:13,338 [WARN] ModelIntegratedComponent:60 - No mode defined for component null
2022-09-22 09:30:13,338 [WARN] ModelIntegratedComponent:60 - No mode defined for component null
2022-09-22 09:30:13,338 [WARN] ModelIntegratedComponent:60 - No mode defined for component null
2022-09-22 09:30:13,338 [WARN] ModelIntegratedComponent:60 - No mode defined for component null
2022-09-22 09:30:13,338 [WARN] ModelIntegratedComponent:60 - No mode defined for component null
2022-09-22 09:30:13,338 [WARN] ModelIntegratedComponent:60 - No mode defined for component null
2022-09-22 09:30:13,346 [WARN] ModelIntegratedComponent:60 - No mode defined for component null
2022-09-22 09:30:13,346 [WARN] ModelIntegratedComponent:60 - No mode defined for component null
2022-09-22 09:30:13,346 [WARN] ModelIntegratedComponent:60 - No mode defined for component null
2022-09-22 09:30:13,346 [WARN] ModelIntegratedComponent:60 - No mode defined for component null
2022-09-22 09:30:13,346 [WARN] ModelIntegratedComponent:60 - No mode defined for component null
2022-09-22 09:30:13,346 [WARN] ModelIntegratedComponent:60 - No mode defined for component null
2022-09-22 09:30:13,346 [WARN] ModelIntegratedComponent:60 - No mode defined for component null
2022-09-22 09:30:13,346 [WARN] ModelIntegratedComponent:60 - No mode defined for component null
2022-09-22 09:30:13,346 [WARN] ModelIntegratedComponent:60 - No mode defined for component null
2022-09-22 09:30:13,346 [WARN] ModelIntegratedComponent:60 - No mode defined for component null
2022-09-22 09:30:13,346 [WARN] ModelIntegratedComponent:60 - No mode defined for component null
2022-09-22 09:30:13,346 [WARN] ApiManager:304 - Cannot register API 'Board Extension:NFC07A1' from pack STMicroelectronics.X-CUBE-NFC7.1.0.0: no header file found
2022-09-22 09:30:13,561 [WARN] ApiManager:304 - Cannot register API 'Board Extension:IKS01A3' from pack STMicroelectronics.X-CUBE-MEMS1.9.3.0: no header file found
2022-09-22 09:30:13,561 [WARN] ApiManager:304 - Cannot register API 'Board Extension:IKS01A2' from pack STMicroelectronics.X-CUBE-MEMS1.9.3.0: no header file found
2022-09-22 09:30:13,561 [WARN] ApiManager:304 - Cannot register API 'Board Extension:IKS02A1' from pack STMicroelectronics.X-CUBE-MEMS1.9.3.0: no header file found
2022-09-22 09:30:13,577 [WARN] ApiManager:304 - Cannot register API 'Wireless:BlueNRG-MS' from pack STMicroelectronics.X-CUBE-BLE1.6.2.3: no header file found
2022-09-22 09:30:13,577 [INFO] RtosManager:484 - Registered RTOS mode: class=CMSIS, group=RTOS, mode=CMSIS_V1, owner=FREERTOS
2022-09-22 09:30:13,585 [INFO] RtosManager:484 - Registered RTOS mode: class=CMSIS, group=RTOS2, mode=CMSIS_V2, owner=FREERTOS
2022-09-22 09:30:13,593 [INFO] RtosManager:484 - Registered RTOS mode: class=RTOS, group=Core, mode=CMSIS_V1, owner=FREERTOS
2022-09-22 09:30:13,593 [INFO] RtosManager:484 - Registered RTOS mode: class=RTOS, group=Core, mode=CMSIS_V2, owner=FREERTOS
2022-09-22 09:30:13,593 [WARN] ModelIntegratedComponent:181 - Missing modes for component STMicroelectronics:FreeRTOS:0.0.1:STMicroelectronics:RTOS:FreeRTOS:Core:::10.2.0:
2022-09-22 09:30:13,593 [WARN] ApiManager:304 - Cannot register API 'Board Extension:S2868A1' from pack STMicroelectronics.X-CUBE-SUBG2.5.0.0: no header file found
2022-09-22 09:30:13,593 [WARN] ApiManager:304 - Cannot register API 'Board Extension:S2868A2' from pack STMicroelectronics.X-CUBE-SUBG2.5.0.0: no header file found
2022-09-22 09:30:13,593 [WARN] ApiManager:304 - Cannot register API 'Board Extension:S2915A1' from pack STMicroelectronics.X-CUBE-SUBG2.5.0.0: no header file found
2022-09-22 09:30:13,601 [WARN] ApiManager:304 - Cannot register API 'Board Extension:EEPRMA1' from pack STMicroelectronics.X-CUBE-EEPRMA1.3.1.1: no header file found
2022-09-22 09:30:13,601 [WARN] ApiManager:304 - Cannot register API 'Board Extension:EEPRMA2' from pack STMicroelectronics.X-CUBE-EEPRMA1.3.1.1: no header file found
2022-09-22 09:30:13,601 [WARN] ApiManager:304 - Cannot register API 'Board Extension:S2868A1' from pack STMicroelectronics.X-CUBE-SFXS2LP1.4.0.0: no header file found
2022-09-22 09:30:13,601 [WARN] ApiManager:304 - Cannot register API 'Board Extension:S2868A2' from pack STMicroelectronics.X-CUBE-SFXS2LP1.4.0.0: no header file found
2022-09-22 09:30:13,601 [WARN] ApiManager:304 - Cannot register API 'Board Extension:S2915A1' from pack STMicroelectronics.X-CUBE-SFXS2LP1.4.0.0: no header file found
2022-09-22 09:30:13,601 [WARN] ApiManager:304 - Cannot register API 'Wireless:BlueNRG-2' from pack STMicroelectronics.X-CUBE-BLE2.3.3.0: no header file found
2022-09-22 09:30:13,601 [WARN] ApiManager:304 - Cannot register API 'Board Extension:NFC04A1' from pack STMicroelectronics.X-CUBE-NFC4.2.0.4: no header file found
2022-09-22 09:30:15,380 [INFO] UtilMem:74 - End LoadConfig() Used Memory: 534677800 Bytes (751828992)
2022-09-22 09:30:15,384 [WARN] ThirdParty:779 - waiting for thirdparty lock release [change project]
2022-09-22 09:30:15,384 [INFO] ThirdParty:781 - entering critical section [change project]
2022-09-22 09:30:15,384 [INFO] ThirdParty:967 - CMSIS Pack Vendor :RoweBots I-CUBE-UNISONRTOS 5.5.0-4
2022-09-22 09:30:15,384 [INFO] ThirdParty:967 - CMSIS Pack Vendor :STMicroelectronics X-CUBE-GNSS1 6.0.0
2022-09-22 09:30:15,384 [INFO] ThirdParty:967 - CMSIS Pack Vendor :STMicroelectronics X-CUBE-AZRTOS-H7 2.1.0
2022-09-22 09:30:15,384 [INFO] ThirdParty:967 - CMSIS Pack Vendor :STMicroelectronics USB_HOST 2.0.0
2022-09-22 09:30:15,384 [INFO] ThirdParty:967 - CMSIS Pack Vendor :STMicroelectronics X-CUBE-AZRTOS-F4 1.1.0
2022-09-22 09:30:15,384 [INFO] ThirdParty:967 - CMSIS Pack Vendor :STMicroelectronics X-CUBE-AZRTOS-G4 1.0.0
2022-09-22 09:30:15,384 [INFO] ThirdParty:967 - CMSIS Pack Vendor :STMicroelectronics X-CUBE-AZRTOS-L4 1.0.0
2022-09-22 09:30:15,384 [INFO] ThirdParty:967 - CMSIS Pack Vendor :STMicroelectronics USB_DEVICE 3.0.0
2022-09-22 09:30:15,384 [INFO] ThirdParty:967 - CMSIS Pack Vendor :wolfSSL I-CUBE-wolfSSL 5.5.0
2022-09-22 09:30:15,384 [INFO] ThirdParty:967 - CMSIS Pack Vendor :STMicroelectronics HAL Drivers 0.0.0
2022-09-22 09:30:15,384 [INFO] ThirdParty:967 - CMSIS Pack Vendor :STMicroelectronics MBEDTLS 2.16.2
2022-09-22 09:30:15,384 [INFO] ThirdParty:967 - CMSIS Pack Vendor :emotas I-CUBE-CANOPEN 1.1.2
2022-09-22 09:30:15,384 [INFO] ThirdParty:967 - CMSIS Pack Vendor :STMicroelectronics X-CUBE-TOUCHGFX 4.20.0
2022-09-22 09:30:15,384 [INFO] ThirdParty:967 - CMSIS Pack Vendor :STMicroelectronics MBEDTLS 2.14.1
2022-09-22 09:30:15,384 [INFO] ThirdParty:967 - CMSIS Pack Vendor :STMicroelectronics X-CUBE-NFC7 1.0.0
2022-09-22 09:30:15,384 [INFO] ThirdParty:967 - CMSIS Pack Vendor :STMicroelectronics X-CUBE-BLEMGR 1.0.0
2022-09-22 09:30:15,384 [INFO] ThirdParty:967 - CMSIS Pack Vendor :STMicroelectronics X-CUBE-AZRTOS-WL 1.0.0
2022-09-22 09:30:15,384 [INFO] ThirdParty:967 - CMSIS Pack Vendor :STMicroelectronics X-CUBE-AZRTOS-F7 1.1.0
2022-09-22 09:30:15,384 [INFO] ThirdParty:967 - CMSIS Pack Vendor :STMicroelectronics X-CUBE-MEMS1 9.3.0
2022-09-22 09:30:15,384 [INFO] ThirdParty:967 - CMSIS Pack Vendor :portGmbH I-Cube-SoM-uGOAL 1.1.0
2022-09-22 09:30:15,384 [INFO] ThirdParty:967 - CMSIS Pack Vendor :STMicroelectronics X-CUBE-ALS 1.0.1
2022-09-22 09:30:15,384 [INFO] ThirdParty:967 - CMSIS Pack Vendor :STMicroelectronics USB_DEVICE 2.0.0
2022-09-22 09:30:15,384 [INFO] ThirdParty:967 - CMSIS Pack Vendor :STMicroelectronics X-CUBE-AI 7.2.0
2022-09-22 09:30:15,384 [INFO] ThirdParty:967 - CMSIS Pack Vendor :STMicroelectronics X-CUBE-BLE1 6.2.3
2022-09-22 09:30:15,384 [INFO] ThirdParty:967 - CMSIS Pack Vendor :STMicroelectronics X-CUBE-ALGOBUILD 1.3.0
2022-09-22 09:30:15,384 [INFO] ThirdParty:967 - CMSIS Pack Vendor :STMicroelectronics X-CUBE-AZRTOS-L5 1.0.0
2022-09-22 09:30:15,384 [INFO] ThirdParty:967 - CMSIS Pack Vendor :STMicroelectronics FreeRTOS 0.0.1
2022-09-22 09:30:15,384 [INFO] ThirdParty:967 - CMSIS Pack Vendor :STMicroelectronics X-CUBE-AZRTOS-G0 1.1.0
2022-09-22 09:30:15,384 [INFO] ThirdParty:967 - CMSIS Pack Vendor :STMicroelectronics USB_DEVICE 1.0.0
2022-09-22 09:30:15,384 [INFO] ThirdParty:967 - CMSIS Pack Vendor :STMicroelectronics X-CUBE-SUBG2 5.0.0
2022-09-22 09:30:15,384 [INFO] ThirdParty:967 - CMSIS Pack Vendor :SEGGER I-CUBE-embOS 1.2.0
2022-09-22 09:30:15,384 [INFO] ThirdParty:967 - CMSIS Pack Vendor :STMicroelectronics X-CUBE-EEPRMA1 3.1.1
2022-09-22 09:30:15,384 [INFO] ThirdParty:967 - CMSIS Pack Vendor :STMicroelectronics ThreadX 0.0.2
2022-09-22 09:30:15,384 [INFO] ThirdParty:967 - CMSIS Pack Vendor :STMicroelectronics lwIP 2.0.3
2022-09-22 09:30:15,384 [INFO] ThirdParty:967 - CMSIS Pack Vendor :STMicroelectronics lwIP 2.1.2
2022-09-22 09:30:15,384 [INFO] ThirdParty:967 - CMSIS Pack Vendor :STMicroelectronics X-CUBE-SFXS2LP1 4.0.0
2022-09-22 09:30:15,388 [INFO] ThirdParty:967 - CMSIS Pack Vendor :STMicroelectronics X-CUBE-BLE2 3.3.0
2022-09-22 09:30:15,388 [INFO] ThirdParty:967 - CMSIS Pack Vendor :STMicroelectronics X-CUBE-NFC4 2.0.4
2022-09-22 09:30:15,388 [INFO] ThirdParty:967 - CMSIS Pack Vendor :STMicroelectronics USB_HOST 1.0.0
2022-09-22 09:30:15,388 [INFO] ThirdParty:967 - CMSIS Pack Vendor :STMicroelectronics X-CUBE-DISPLAY 2.2.0
2022-09-22 09:30:15,388 [INFO] ThirdParty:967 - CMSIS Pack Vendor :STMicroelectronics PDM2PCM 3.1.0
2022-09-22 09:30:15,388 [INFO] ThirdParty:967 - CMSIS Pack Vendor :STMicroelectronics FP-ATR-ASTRA1 1.1.1
2022-09-22 09:30:15,388 [INFO] ThirdParty:967 - CMSIS Pack Vendor :STMicroelectronics PDM2PCM 3.2.0
2022-09-22 09:30:15,388 [INFO] ThirdParty:967 - CMSIS Pack Vendor :STMicroelectronics PDM2PCM 3.3.0
2022-09-22 09:30:15,388 [INFO] ThirdParty:967 - CMSIS Pack Vendor :STMicroelectronics X-CUBE-TOF1 3.1.0
2022-09-22 09:30:15,388 [INFO] ThirdParty:967 - CMSIS Pack Vendor :STMicroelectronics X-CUBE-ISPU 1.0.0
2022-09-22 09:30:15,388 [INFO] ThirdParty:787 - exiting critical section [change project]
2022-09-22 09:30:15,620 [INFO] PinOutPanel:1463 - setPackage(No Configuration,No Configuration)
2022-09-22 09:30:15,620 [INFO] PinOutPanel:1463 - setPackage(STM32F103C6Ux,UFQFPN48)
2022-09-22 09:30:16,051 [INFO] UtilMem:74 - Before build in PCC Used Memory: 496450528 Bytes (751828992)
2022-09-22 09:30:16,696 [INFO] UtilMem:74 - After build in PCC Used Memory: 463473152 Bytes (751828992)
2022-09-22 09:30:16,721 [INFO] IPUIPlugin:74 - create IPUIPlugin
2022-09-22 09:30:16,721 [INFO] IPUIPlugin:74 - create IPUIPlugin
2022-09-22 09:30:16,721 [INFO] IPUIPlugin:74 - create IPUIPlugin
2022-09-22 09:30:16,721 [INFO] IPUIPlugin:74 - create IPUIPlugin
2022-09-22 09:30:16,721 [INFO] IPUIPlugin:74 - create IPUIPlugin
2022-09-22 09:30:16,721 [INFO] IPUIPlugin:74 - create IPUIPlugin
2022-09-22 09:30:16,721 [INFO] IPUIPlugin:74 - create IPUIPlugin
2022-09-22 09:30:16,721 [INFO] IPUIPlugin:74 - create IPUIPlugin
2022-09-22 09:30:16,721 [INFO] IPUIPlugin:74 - create IPUIPlugin
2022-09-22 09:30:16,721 [INFO] IPUIPlugin:74 - create IPUIPlugin
2022-09-22 09:30:16,721 [INFO] IPUIPlugin:74 - create IPUIPlugin
2022-09-22 09:30:16,721 [INFO] IPUIPlugin:74 - create IPUIPlugin
2022-09-22 09:30:16,721 [INFO] IPUIPlugin:74 - create IPUIPlugin
2022-09-22 09:30:16,721 [INFO] IPUIPlugin:74 - create IPUIPlugin
2022-09-22 09:30:16,721 [INFO] IPUIPlugin:74 - create IPUIPlugin
2022-09-22 09:30:16,721 [INFO] IPUIPlugin:74 - create IPUIPlugin
2022-09-22 09:30:16,721 [INFO] IPUIPlugin:74 - create IPUIPlugin
2022-09-22 09:30:16,721 [INFO] IPUIPlugin:74 - create IPUIPlugin
2022-09-22 09:30:16,721 [INFO] IPUIPlugin:74 - create IPUIPlugin
2022-09-22 09:30:16,721 [INFO] IPUIPlugin:74 - create IPUIPlugin
2022-09-22 09:30:16,721 [INFO] IPUIPlugin:74 - create IPUIPlugin
2022-09-22 09:30:16,721 [INFO] IPUIPlugin:74 - create IPUIPlugin
2022-09-22 09:30:16,721 [INFO] IPUIPlugin:74 - create IPUIPlugin
2022-09-22 09:30:16,834 [INFO] OpenFileManager:333 - Restore cursor
2022-09-22 09:30:17,124 [INFO] UtilMem:74 - End SaveConfig() Used Memory: 553379568 Bytes (751828992)
2022-09-22 09:30:17,179 [INFO] UtilMem:74 - End SaveConfig() Used Memory: 564136448 Bytes (751828992)
2022-09-22 09:30:17,556 [INFO] BlockDiagram:2740 - set Specific Code input for plugin: NVIC
2022-09-22 09:30:17,556 [INFO] BlockDiagram:2740 - set Specific Code input for plugin: SYS
2022-09-22 09:30:17,556 [INFO] BlockDiagram:2740 - set Specific Code input for plugin: GPIO
2022-09-22 09:30:17,556 [INFO] BlockDiagram:2740 - set Specific Code input for plugin: RCC
2022-09-22 09:30:17,556 [INFO] CodeGenerator:663 - code generatio: config db path: E:\STM32\stm32cubeide_1.7.0\STM32CubeIDE\plugins\com.st.stm32cube.common.mx_6.3.0.202107141111\\db\
2022-09-22 09:30:17,889 [INFO] CodeEngine:239 - oldGeneratedFile, C:\Users\hatru\OneDrive\Desktop\VXL\VXL-lab\lab1\ex\Led_blinkin\MXTmpFiles\license.tmp_save
2022-09-22 09:30:18,262 [INFO] CodeEngine:257 - Generated code: C:\Users\hatru\OneDrive\Desktop\VXL\VXL-lab\lab1\ex\Led_blinkin\MXTmpFiles\license.tmp
2022-09-22 09:30:18,418 [INFO] CodeEngine:239 - oldGeneratedFile, C:\Users\hatru\OneDrive\Desktop\VXL\VXL-lab\lab1\ex\Led_blinkin\MXTmpFiles\gpio.tmp_save
2022-09-22 09:30:18,523 [INFO] CodeEngine:257 - Generated code: C:\Users\hatru\OneDrive\Desktop\VXL\VXL-lab\lab1\ex\Led_blinkin\MXTmpFiles\gpio.tmp
2022-09-22 09:30:18,645 [INFO] CodeEngine:239 - oldGeneratedFile, C:\Users\hatru\OneDrive\Desktop\VXL\VXL-lab\lab1\ex\Led_blinkin\Core\Src\stm32f1xx_it.c_save
2022-09-22 09:30:18,790 [INFO] CodeEngine:257 - Generated code: C:\Users\hatru\OneDrive\Desktop\VXL\VXL-lab\lab1\ex\Led_blinkin\Core\Src\stm32f1xx_it.c
2022-09-22 09:30:18,790 [INFO] CodeEngine:239 - oldGeneratedFile, C:\Users\hatru\OneDrive\Desktop\VXL\VXL-lab\lab1\ex\Led_blinkin\Core\Inc\stm32f1xx_it.h_save
2022-09-22 09:30:18,896 [INFO] CodeEngine:257 - Generated code: C:\Users\hatru\OneDrive\Desktop\VXL\VXL-lab\lab1\ex\Led_blinkin\Core\Inc\stm32f1xx_it.h
2022-09-22 09:30:18,904 [INFO] CodeEngine:239 - oldGeneratedFile, C:\Users\hatru\OneDrive\Desktop\VXL\VXL-lab\lab1\ex\Led_blinkin\Core\Src\stm32f1xx_hal_msp.c_save
2022-09-22 09:30:19,017 [INFO] CodeEngine:257 - Generated code: C:\Users\hatru\OneDrive\Desktop\VXL\VXL-lab\lab1\ex\Led_blinkin\Core\Src\stm32f1xx_hal_msp.c
2022-09-22 09:30:19,017 [INFO] CodeEngine:239 - oldGeneratedFile, C:\Users\hatru\OneDrive\Desktop\VXL\VXL-lab\lab1\ex\Led_blinkin\MXTmpFiles\system.tmp_save
2022-09-22 09:30:19,082 [INFO] CodeEngine:257 - Generated code: C:\Users\hatru\OneDrive\Desktop\VXL\VXL-lab\lab1\ex\Led_blinkin\MXTmpFiles\system.tmp
2022-09-22 09:30:19,090 [INFO] CodeEngine:239 - oldGeneratedFile, C:\Users\hatru\OneDrive\Desktop\VXL\VXL-lab\lab1\ex\Led_blinkin\Core\Inc\stm32f1xx_hal_conf.h_save
2022-09-22 09:30:19,195 [INFO] CodeEngine:257 - Generated code: C:\Users\hatru\OneDrive\Desktop\VXL\VXL-lab\lab1\ex\Led_blinkin\Core\Inc\stm32f1xx_hal_conf.h
2022-09-22 09:30:19,253 [INFO] CodeEngine:239 - oldGeneratedFile, C:\Users\hatru\OneDrive\Desktop\VXL\VXL-lab\lab1\ex\Led_blinkin\Core\Inc\main.h_save
2022-09-22 09:30:19,342 [INFO] CodeEngine:257 - Generated code: C:\Users\hatru\OneDrive\Desktop\VXL\VXL-lab\lab1\ex\Led_blinkin\Core\Inc\main.h
2022-09-22 09:30:19,342 [INFO] CodeEngine:239 - oldGeneratedFile, C:\Users\hatru\OneDrive\Desktop\VXL\VXL-lab\lab1\ex\Led_blinkin\Core\Src\main.c_save
2022-09-22 09:30:19,471 [INFO] CodeEngine:257 - Generated code: C:\Users\hatru\OneDrive\Desktop\VXL\VXL-lab\lab1\ex\Led_blinkin\Core\Src\main.c
2022-09-22 09:30:20,739 [INFO] ProjectBuilder:2578 - Time for Copy HAL[1] : 273mS.
2022-09-22 09:30:20,747 [INFO] ProjectBuilder:3622 - Project Generator version: 3.14.1
2022-09-22 09:30:21,284 [INFO] ConfigFileManager:1271 - The Die is : DIE412
2022-09-22 09:30:21,309 [INFO] ApiDbMcu:468 - Load IP Config File for FATFS
2022-09-22 09:30:21,349 [INFO] ApiDbMcu:468 - Load IP Config File for FREERTOS
2022-09-22 09:30:21,382 [INFO] ApiDbMcu:468 - Load IP Config File for USB_DEVICE
2022-09-22 09:30:24,758 [INFO] ProjectBuilder:3789 - Time for Generating toolchain IDE Files: 4011mS.
2022-09-22 09:30:24,758 [INFO] ProjectBuilder:2457 - Time for Copy CMSIS : 0mS.
2022-09-22 09:30:24,766 [INFO] ProjectBuilder:2457 - Time for Copy CMSIS : 0mS.
2022-09-22 09:30:25,414 [INFO] McuFinderGlobals:52 - Set McuFinderConnectedMode to true
2022-09-22 09:30:25,418 [INFO] ApiDb:276 - Save user favorites file C:\Users\hatru/.stm32cubeide/favorites.mcus.txt: 0 item(s)
2022-09-22 09:30:25,418 [INFO] ApiDb:280 - User favorites MCUs=[]
2022-09-22 09:31:25,582 [INFO] Activator:177 - 


2022-09-22 09:31:25,582 [INFO] Activator:178 - !SESSION log4j initialized
2022-09-22 09:31:45,595 [INFO] McuFinderGlobals:39 - Set McuFinder mode to 2 (CubeIDE integrated)
2022-09-22 09:31:45,743 [INFO] ApplicationProperties:181 - Using Application install path: E:\STM32\stm32cubeide_1.7.0\STM32CubeIDE\plugins\com.st.stm32cube.common.mx_6.3.0.202107141111
2022-09-22 09:31:45,755 [INFO] DbMcusXml:74 - Set database path to: E:\STM32\stm32cubeide_1.7.0\STM32CubeIDE\plugins\com.st.stm32cube.common.mx_6.3.0.202107141111\\db\/mcu/
2022-09-22 09:31:45,759 [INFO] DbBoardsPdsc:56 - Set plugin database path to: E:\STM32\stm32cubeide_1.7.0\STM32CubeIDE\plugins\com.st.stm32cube.common.mx_6.3.0.202107141111\\db\/plugins/boardmanager/
2022-09-22 09:31:45,759 [INFO] DbMcus:258 - Set plugin images path to: E:\STM32\stm32cubeide_1.7.0\STM32CubeIDE\plugins\com.st.stm32cube.common.mx_6.3.0.202107141111\\db\/plugins/mcufinder/images/
2022-09-22 09:31:45,759 [INFO] DbBoards:264 - Set plugin images path to: E:\STM32\stm32cubeide_1.7.0\STM32CubeIDE\plugins\com.st.stm32cube.common.mx_6.3.0.202107141111\\db\/plugins/mcufinder/images/
2022-09-22 09:31:45,763 [INFO] DbExamples:333 - Set plugin images path to: E:\STM32\stm32cubeide_1.7.0\STM32CubeIDE\plugins\com.st.stm32cube.common.mx_6.3.0.202107141111\\db\/plugins/mcufinder/images/
2022-09-22 09:31:45,767 [INFO] DbMcusAds:119 - Set database path to: C:\Users\hatru\.stmcufinder\plugins\mcufinder//mcu/
2022-09-22 09:31:45,767 [INFO] DbMcusDocs:110 - Set database path to: C:\Users\hatru\.stmcufinder\plugins\mcufinder//mcu/
2022-09-22 09:31:45,771 [INFO] DbMcusJson:64 - Set database path to: C:\Users\hatru\.stmcufinder\plugins\mcufinder//mcu/
2022-09-22 09:31:45,771 [INFO] DbBoardsDocs:110 - Set database path to: C:\Users\hatru\.stmcufinder\plugins\mcufinder//mcu/
2022-09-22 09:31:45,771 [INFO] DbBoardsJson:57 - Set database path to: C:\Users\hatru\.stmcufinder\plugins\mcufinder//mcu/
2022-09-22 09:31:45,787 [INFO] CrossReferenceDbSqlite:196 - Set database path to: C:\Users\hatru\.stmcufinder\plugins\mcufinder//mcu/cs/
2022-09-22 09:31:45,793 [INFO] DbExamplesSqlite:767 - Set database path to: C:\Users\hatru\.stmcufinder\plugins\mcufinder//mcu/
2022-09-22 09:31:45,890 [INFO] RulesReader:57 - Compatibility file has been processed (242 Rules)
2022-09-22 09:31:45,963 [INFO] DbMcusXml:74 - Set database path to: E:\STM32\stm32cubeide_1.7.0\STM32CubeIDE\plugins\com.st.stm32cube.common.mx_6.3.0.202107141111\\db\/mcu/
2022-09-22 09:31:45,972 [INFO] DbBoardsPdsc:56 - Set plugin database path to: E:\STM32\stm32cubeide_1.7.0\STM32CubeIDE\plugins\com.st.stm32cube.common.mx_6.3.0.202107141111\\db\/plugins/boardmanager/
2022-09-22 09:31:45,972 [INFO] DbMcus:258 - Set plugin images path to: E:\STM32\stm32cubeide_1.7.0\STM32CubeIDE\plugins\com.st.stm32cube.common.mx_6.3.0.202107141111\\db\/plugins/mcufinder/images/
2022-09-22 09:31:45,972 [INFO] DbBoards:264 - Set plugin images path to: E:\STM32\stm32cubeide_1.7.0\STM32CubeIDE\plugins\com.st.stm32cube.common.mx_6.3.0.202107141111\\db\/plugins/mcufinder/images/
2022-09-22 09:31:45,972 [INFO] DbExamples:333 - Set plugin images path to: E:\STM32\stm32cubeide_1.7.0\STM32CubeIDE\plugins\com.st.stm32cube.common.mx_6.3.0.202107141111\\db\/plugins/mcufinder/images/
2022-09-22 09:31:45,972 [WARN] DbFile:35 - Overriding database path with different value: C:\Users\hatru\.stmcufinder\plugins\mcufinder/ => C:\Users\hatru\.stmcufinder\plugins\mcufinder
2022-09-22 09:31:45,972 [INFO] DbMcusAds:119 - Set database path to: C:\Users\hatru\.stmcufinder\plugins\mcufinder//mcu/
2022-09-22 09:31:45,972 [WARN] DbFile:35 - Overriding database path with different value: C:\Users\hatru\.stmcufinder\plugins\mcufinder/ => C:\Users\hatru\.stmcufinder\plugins\mcufinder
2022-09-22 09:31:45,972 [INFO] DbMcusDocs:110 - Set database path to: C:\Users\hatru\.stmcufinder\plugins\mcufinder//mcu/
2022-09-22 09:31:45,972 [WARN] DbFile:35 - Overriding database path with different value: C:\Users\hatru\.stmcufinder\plugins\mcufinder/ => C:\Users\hatru\.stmcufinder\plugins\mcufinder
2022-09-22 09:31:45,972 [INFO] DbMcusJson:64 - Set database path to: C:\Users\hatru\.stmcufinder\plugins\mcufinder//mcu/
2022-09-22 09:31:45,972 [WARN] DbFile:35 - Overriding database path with different value: C:\Users\hatru\.stmcufinder\plugins\mcufinder/ => C:\Users\hatru\.stmcufinder\plugins\mcufinder
2022-09-22 09:31:45,972 [INFO] DbBoardsDocs:110 - Set database path to: C:\Users\hatru\.stmcufinder\plugins\mcufinder//mcu/
2022-09-22 09:31:45,972 [WARN] DbFile:35 - Overriding database path with different value: C:\Users\hatru\.stmcufinder\plugins\mcufinder/ => C:\Users\hatru\.stmcufinder\plugins\mcufinder
2022-09-22 09:31:45,972 [INFO] DbBoardsJson:57 - Set database path to: C:\Users\hatru\.stmcufinder\plugins\mcufinder//mcu/
2022-09-22 09:31:45,972 [WARN] DbFile:35 - Overriding database path with different value: C:\Users\hatru\.stmcufinder\plugins\mcufinder/ => C:\Users\hatru\.stmcufinder\plugins\mcufinder
2022-09-22 09:31:45,972 [WARN] DbFile:35 - Overriding database path with different value: C:\Users\hatru\.stmcufinder\plugins\mcufinder/ => C:\Users\hatru\.stmcufinder\plugins\mcufinder
2022-09-22 09:31:45,972 [INFO] CrossReferenceDbSqlite:196 - Set database path to: C:\Users\hatru\.stmcufinder\plugins\mcufinder//mcu/cs/
2022-09-22 09:31:45,972 [WARN] DbFile:35 - Overriding database path with different value: C:\Users\hatru\.stmcufinder\plugins\mcufinder/ => C:\Users\hatru\.stmcufinder\plugins\mcufinder
2022-09-22 09:31:45,972 [INFO] DbExamplesSqlite:767 - Set database path to: C:\Users\hatru\.stmcufinder\plugins\mcufinder//mcu/
2022-09-22 09:31:46,028 [INFO] MainPanel:214 - HeapMemory: 268435456
2022-09-22 09:31:46,142 [INFO] DbMcusXml:74 - Set database path to: E:\STM32\stm32cubeide_1.7.0\STM32CubeIDE\plugins\com.st.stm32cube.common.mx_6.3.0.202107141111\\db\/mcu/
2022-09-22 09:31:46,142 [INFO] DbBoardsPdsc:56 - Set plugin database path to: E:\STM32\stm32cubeide_1.7.0\STM32CubeIDE\plugins\com.st.stm32cube.common.mx_6.3.0.202107141111\\db\/plugins/boardmanager/
2022-09-22 09:31:46,142 [INFO] DbMcus:258 - Set plugin images path to: E:\STM32\stm32cubeide_1.7.0\STM32CubeIDE\plugins\com.st.stm32cube.common.mx_6.3.0.202107141111\\db\/plugins/mcufinder/images/
2022-09-22 09:31:46,142 [INFO] DbBoards:264 - Set plugin images path to: E:\STM32\stm32cubeide_1.7.0\STM32CubeIDE\plugins\com.st.stm32cube.common.mx_6.3.0.202107141111\\db\/plugins/mcufinder/images/
2022-09-22 09:31:46,142 [INFO] DbExamples:333 - Set plugin images path to: E:\STM32\stm32cubeide_1.7.0\STM32CubeIDE\plugins\com.st.stm32cube.common.mx_6.3.0.202107141111\\db\/plugins/mcufinder/images/
2022-09-22 09:31:46,142 [WARN] DbFile:35 - Overriding database path with different value: C:\Users\hatru\.stmcufinder\plugins\mcufinder/ => C:\Users\hatru\.stmcufinder\plugins\mcufinder
2022-09-22 09:31:46,142 [INFO] DbMcusAds:119 - Set database path to: C:\Users\hatru\.stmcufinder\plugins\mcufinder//mcu/
2022-09-22 09:31:46,142 [WARN] DbFile:35 - Overriding database path with different value: C:\Users\hatru\.stmcufinder\plugins\mcufinder/ => C:\Users\hatru\.stmcufinder\plugins\mcufinder
2022-09-22 09:31:46,142 [INFO] DbMcusDocs:110 - Set database path to: C:\Users\hatru\.stmcufinder\plugins\mcufinder//mcu/
2022-09-22 09:31:46,142 [WARN] DbFile:35 - Overriding database path with different value: C:\Users\hatru\.stmcufinder\plugins\mcufinder/ => C:\Users\hatru\.stmcufinder\plugins\mcufinder
2022-09-22 09:31:46,142 [INFO] DbMcusJson:64 - Set database path to: C:\Users\hatru\.stmcufinder\plugins\mcufinder//mcu/
2022-09-22 09:31:46,142 [WARN] DbFile:35 - Overriding database path with different value: C:\Users\hatru\.stmcufinder\plugins\mcufinder/ => C:\Users\hatru\.stmcufinder\plugins\mcufinder
2022-09-22 09:31:46,142 [INFO] DbBoardsDocs:110 - Set database path to: C:\Users\hatru\.stmcufinder\plugins\mcufinder//mcu/
2022-09-22 09:31:46,142 [WARN] DbFile:35 - Overriding database path with different value: C:\Users\hatru\.stmcufinder\plugins\mcufinder/ => C:\Users\hatru\.stmcufinder\plugins\mcufinder
2022-09-22 09:31:46,142 [INFO] DbBoardsJson:57 - Set database path to: C:\Users\hatru\.stmcufinder\plugins\mcufinder//mcu/
2022-09-22 09:31:46,142 [WARN] DbFile:35 - Overriding database path with different value: C:\Users\hatru\.stmcufinder\plugins\mcufinder/ => C:\Users\hatru\.stmcufinder\plugins\mcufinder
2022-09-22 09:31:46,142 [WARN] DbFile:35 - Overriding database path with different value: C:\Users\hatru\.stmcufinder\plugins\mcufinder/ => C:\Users\hatru\.stmcufinder\plugins\mcufinder
2022-09-22 09:31:46,142 [INFO] CrossReferenceDbSqlite:196 - Set database path to: C:\Users\hatru\.stmcufinder\plugins\mcufinder//mcu/cs/
2022-09-22 09:31:46,142 [WARN] DbFile:35 - Overriding database path with different value: C:\Users\hatru\.stmcufinder\plugins\mcufinder/ => C:\Users\hatru\.stmcufinder\plugins\mcufinder
2022-09-22 09:31:46,142 [INFO] DbExamplesSqlite:767 - Set database path to: C:\Users\hatru\.stmcufinder\plugins\mcufinder//mcu/
2022-09-22 09:31:46,158 [INFO] ApplicationProperties:181 - Using Application install path: E:\STM32\stm32cubeide_1.7.0\STM32CubeIDE\plugins\com.st.stm32cube.common.mx_6.3.0.202107141111
2022-09-22 09:31:46,166 [INFO] PluginManage:188 - Search for loadable plugins [exclusion list=, ]
2022-09-22 09:31:46,166 [INFO] PluginManage:302 - Check plugin analytics
2022-09-22 09:31:46,538 [INFO] AnalyticsPlugin:257 - Accepted Software Licenses: 
2022-09-22 09:31:46,538 [INFO] AnalyticsPlugin:259 - Accepted CMSIS Pack Licenses: 
2022-09-22 09:31:46,538 [INFO] AnalyticsPlugin:261 - Accepted Firmware Licenses: 
2022-09-22 09:31:46,538 [INFO] PluginManage:352 - Loaded plugin analytics (category:tool,tabindex:-1)
2022-09-22 09:31:46,538 [INFO] PluginManage:302 - Check plugin clock
2022-09-22 09:31:46,546 [INFO] PluginManage:352 - Loaded plugin clock (category:base,tabindex:2)
2022-09-22 09:31:46,546 [INFO] PluginManage:302 - Check plugin ddr
2022-09-22 09:31:46,554 [INFO] PluginManage:352 - Loaded plugin ddr (category:tool,tabindex:6)
2022-09-22 09:31:46,554 [INFO] PluginManage:302 - Check plugin filemanager
2022-09-22 09:31:46,676 [INFO] PluginManage:352 - Loaded plugin filemanager (category:base,tabindex:10)
2022-09-22 09:31:46,676 [INFO] PluginManage:302 - Check plugin ipmanager
2022-09-22 09:31:46,684 [INFO] PluginManage:352 - Loaded plugin ipmanager (category:base,tabindex:5)
2022-09-22 09:31:46,684 [INFO] PluginManage:302 - Check plugin pinoutandconfiguration
2022-09-22 09:31:46,692 [INFO] PluginManage:352 - Loaded plugin pinoutandconfiguration (category:base,tabindex:1)
2022-09-22 09:31:46,692 [INFO] PluginManage:302 - Check plugin pinoutconfig
2022-09-22 09:31:46,724 [INFO] PluginManage:352 - Loaded plugin pinoutconfig (category:base,tabindex:0)
2022-09-22 09:31:46,724 [INFO] PluginManage:302 - Check plugin power
2022-09-22 09:31:46,732 [INFO] PluginManage:352 - Loaded plugin power (category:power,tabindex:4)
2022-09-22 09:31:46,732 [INFO] PluginManage:302 - Check plugin projectmanager
2022-09-22 09:31:46,749 [INFO] PluginManage:352 - Loaded plugin projectmanager (category:projectmanager,tabindex:3)
2022-09-22 09:31:46,749 [INFO] PluginManage:302 - Check plugin thirdparty
2022-09-22 09:31:46,862 [WARN] IntegrityCheckThread:78 - waiting for thirdparty lock release [integrity check]
2022-09-22 09:31:46,862 [INFO] IntegrityCheckThread:80 - entering critical section [integrity check]
2022-09-22 09:31:46,862 [INFO] PluginManage:352 - Loaded plugin thirdparty (category:base,tabindex:-1)
2022-09-22 09:31:46,862 [INFO] PluginManage:302 - Check plugin tools
2022-09-22 09:31:46,862 [INFO] ThirdPartyUpdaterWithRetryManager:66 - Updater plugin not ready yet. [1/15]
2022-09-22 09:31:46,871 [INFO] PluginManage:352 - Loaded plugin tools (category:base,tabindex:7)
2022-09-22 09:31:46,871 [INFO] PluginManage:302 - Check plugin tutovideos
2022-09-22 09:31:47,082 [INFO] PluginManage:352 - Loaded plugin tutovideos (category:base,tabindex:-1)
2022-09-22 09:31:47,082 [INFO] PluginManage:302 - Check plugin updater
2022-09-22 09:31:47,090 [INFO] PluginManage:352 - Loaded plugin updater (category:base,tabindex:12)
2022-09-22 09:31:47,090 [INFO] PluginManage:275 - PluginManage : Loaded plugins [13]
2022-09-22 09:31:47,260 [INFO] PinOutPanel:1463 - setPackage(No Configuration,No Configuration)
2022-09-22 09:31:47,341 [INFO] IPUIPlugin:74 - create IPUIPlugin
2022-09-22 09:31:47,341 [INFO] PluginManager:213 - loadIPPluginJar : add adc
2022-09-22 09:31:47,341 [INFO] IPUIPlugin:74 - create IPUIPlugin
2022-09-22 09:31:47,349 [INFO] PluginManager:213 - loadIPPluginJar : add aes
2022-09-22 09:31:47,349 [INFO] IPUIPlugin:74 - create IPUIPlugin
2022-09-22 09:31:47,349 [INFO] PluginManager:213 - loadIPPluginJar : add can
2022-09-22 09:31:47,349 [INFO] IPUIPlugin:74 - create IPUIPlugin
2022-09-22 09:31:47,349 [INFO] PluginManager:213 - loadIPPluginJar : add comp
2022-09-22 09:31:47,349 [INFO] IPUIPlugin:74 - create IPUIPlugin
2022-09-22 09:31:47,349 [INFO] PluginManager:213 - loadIPPluginJar : add cryp
2022-09-22 09:31:47,358 [INFO] IPUIPlugin:74 - create IPUIPlugin
2022-09-22 09:31:47,358 [INFO] PluginManager:213 - loadIPPluginJar : add dfsdm
2022-09-22 09:31:47,358 [INFO] IPUIPlugin:74 - create IPUIPlugin
2022-09-22 09:31:47,358 [INFO] PluginManager:213 - loadIPPluginJar : add dma
2022-09-22 09:31:47,366 [INFO] IPUIPlugin:74 - create IPUIPlugin
2022-09-22 09:31:47,366 [INFO] PluginManager:213 - loadIPPluginJar : add dma3
2022-09-22 09:31:47,366 [INFO] IPUIPlugin:74 - create IPUIPlugin
2022-09-22 09:31:47,366 [INFO] PluginManager:213 - loadIPPluginJar : add fatfs
2022-09-22 09:31:47,366 [INFO] IPUIPlugin:74 - create IPUIPlugin
2022-09-22 09:31:47,366 [INFO] PluginManager:213 - loadIPPluginJar : add fmc
2022-09-22 09:31:47,374 [INFO] IPUIPlugin:74 - create IPUIPlugin
2022-09-22 09:31:47,374 [INFO] PluginManager:213 - loadIPPluginJar : add freertos
2022-09-22 09:31:47,374 [INFO] IPUIPlugin:74 - create IPUIPlugin
2022-09-22 09:31:47,374 [INFO] PluginManager:213 - loadIPPluginJar : add genericplugin
2022-09-22 09:31:47,382 [INFO] IPUIPlugin:74 - create IPUIPlugin
2022-09-22 09:31:47,382 [INFO] PluginManager:213 - loadIPPluginJar : add gfxmmu
2022-09-22 09:31:47,382 [INFO] IPUIPlugin:74 - create IPUIPlugin
2022-09-22 09:31:47,382 [INFO] PluginManager:213 - loadIPPluginJar : add gic
2022-09-22 09:31:47,390 [INFO] IPUIPlugin:74 - create IPUIPlugin
2022-09-22 09:31:47,390 [INFO] PluginManager:213 - loadIPPluginJar : add gpio
2022-09-22 09:31:47,390 [INFO] IPUIPlugin:74 - create IPUIPlugin
2022-09-22 09:31:47,390 [INFO] PluginManager:213 - loadIPPluginJar : add gtzc
2022-09-22 09:31:47,390 [INFO] IPUIPlugin:74 - create IPUIPlugin
2022-09-22 09:31:47,390 [INFO] PluginManager:213 - loadIPPluginJar : add hash
2022-09-22 09:31:47,398 [INFO] IPUIPlugin:74 - create IPUIPlugin
2022-09-22 09:31:47,398 [INFO] PluginManager:213 - loadIPPluginJar : add i2c
2022-09-22 09:31:47,398 [INFO] IPUIPlugin:74 - create IPUIPlugin
2022-09-22 09:31:47,398 [INFO] PluginManager:213 - loadIPPluginJar : add i2s
2022-09-22 09:31:47,398 [INFO] IPUIPlugin:74 - create IPUIPlugin
2022-09-22 09:31:47,398 [INFO] PluginManager:213 - loadIPPluginJar : add ipddr
2022-09-22 09:31:47,406 [INFO] IPUIPlugin:74 - create IPUIPlugin
2022-09-22 09:31:47,406 [INFO] PluginManager:213 - loadIPPluginJar : add linkedlist
2022-09-22 09:31:47,406 [INFO] IPUIPlugin:74 - create IPUIPlugin
2022-09-22 09:31:47,406 [INFO] PluginManager:213 - loadIPPluginJar : add lorawan
2022-09-22 09:31:47,414 [INFO] IPUIPlugin:74 - create IPUIPlugin
2022-09-22 09:31:47,414 [INFO] PluginManager:213 - loadIPPluginJar : add ltdc
2022-09-22 09:31:47,414 [INFO] IPUIPlugin:74 - create IPUIPlugin
2022-09-22 09:31:47,414 [INFO] PluginManager:213 - loadIPPluginJar : add mdma
2022-09-22 09:31:47,414 [INFO] IPUIPlugin:74 - create IPUIPlugin
2022-09-22 09:31:47,422 [INFO] PluginManager:213 - loadIPPluginJar : add nvic
2022-09-22 09:31:47,422 [INFO] IPUIPlugin:74 - create IPUIPlugin
2022-09-22 09:31:47,422 [INFO] PluginManager:213 - loadIPPluginJar : add opamp
2022-09-22 09:31:47,422 [INFO] IPUIPlugin:74 - create IPUIPlugin
2022-09-22 09:31:47,422 [INFO] PluginManager:213 - loadIPPluginJar : add openamp
2022-09-22 09:31:47,430 [INFO] IPUIPlugin:74 - create IPUIPlugin
2022-09-22 09:31:47,430 [INFO] PluginManager:213 - loadIPPluginJar : add pdm2pcm
2022-09-22 09:31:47,430 [INFO] IPUIPlugin:74 - create IPUIPlugin
2022-09-22 09:31:47,439 [INFO] PluginManager:213 - loadIPPluginJar : add plateformsettings
2022-09-22 09:31:47,439 [INFO] IPUIPlugin:74 - create IPUIPlugin
2022-09-22 09:31:47,439 [INFO] PluginManager:213 - loadIPPluginJar : add quadspi
2022-09-22 09:31:47,439 [INFO] IPUIPlugin:74 - create IPUIPlugin
2022-09-22 09:31:47,439 [INFO] PluginManager:213 - loadIPPluginJar : add resmgrutility
2022-09-22 09:31:47,447 [INFO] IPUIPlugin:74 - create IPUIPlugin
2022-09-22 09:31:47,447 [INFO] PluginManager:213 - loadIPPluginJar : add sai
2022-09-22 09:31:47,447 [INFO] IPUIPlugin:74 - create IPUIPlugin
2022-09-22 09:31:47,447 [INFO] PluginManager:213 - loadIPPluginJar : add spi
2022-09-22 09:31:47,455 [INFO] IPUIPlugin:74 - create IPUIPlugin
2022-09-22 09:31:47,455 [INFO] PluginManager:213 - loadIPPluginJar : add stm32_wpan
2022-09-22 09:31:47,455 [INFO] IPUIPlugin:74 - create IPUIPlugin
2022-09-22 09:31:47,455 [INFO] PluginManager:213 - loadIPPluginJar : add tim
2022-09-22 09:31:47,455 [INFO] IPUIPlugin:74 - create IPUIPlugin
2022-09-22 09:31:47,455 [INFO] PluginManager:213 - loadIPPluginJar : add touchsensing
2022-09-22 09:31:47,455 [INFO] IPUIPlugin:74 - create IPUIPlugin
2022-09-22 09:31:47,455 [INFO] PluginManager:213 - loadIPPluginJar : add tracer_emb
2022-09-22 09:31:47,463 [INFO] IPUIPlugin:74 - create IPUIPlugin
2022-09-22 09:31:47,463 [INFO] PluginManager:213 - loadIPPluginJar : add ts
2022-09-22 09:31:47,463 [INFO] IPUIPlugin:74 - create IPUIPlugin
2022-09-22 09:31:47,463 [INFO] PluginManager:213 - loadIPPluginJar : add tsc
2022-09-22 09:31:47,463 [INFO] IPUIPlugin:74 - create IPUIPlugin
2022-09-22 09:31:47,463 [INFO] PluginManager:213 - loadIPPluginJar : add ucpd
2022-09-22 09:31:47,463 [INFO] IPUIPlugin:74 - create IPUIPlugin
2022-09-22 09:31:47,463 [INFO] PluginManager:213 - loadIPPluginJar : add usart
2022-09-22 09:31:47,471 [INFO] IPUIPlugin:74 - create IPUIPlugin
2022-09-22 09:31:47,471 [INFO] PluginManager:213 - loadIPPluginJar : add usbx
2022-09-22 09:31:47,791 [FATAL] Updater:294 - Updater called before beeing initialized
2022-09-22 09:31:47,929 [FATAL] Updater:294 - Updater called before beeing initialized
2022-09-22 09:31:47,937 [INFO] DbMcusAds:47 - JSON generation date=Thu Sep 30 13:55:09 ICT 2021 (1632984909247)
2022-09-22 09:31:47,937 [FATAL] Updater:294 - Updater called before beeing initialized
2022-09-22 09:31:47,986 [WARN] DetailPanel:314 - Failed to get advertising image, set to default
2022-09-22 09:31:48,107 [FATAL] Updater:294 - Updater called before beeing initialized
2022-09-22 09:31:48,107 [FATAL] Updater:294 - Updater called before beeing initialized
2022-09-22 09:31:48,115 [FATAL] Updater:294 - Updater called before beeing initialized
2022-09-22 09:31:48,116 [WARN] DetailPanel:314 - Failed to get advertising image, set to default
2022-09-22 09:31:48,116 [FATAL] Updater:294 - Updater called before beeing initialized
2022-09-22 09:31:48,180 [ERROR] Updater:1075 - MainUpdater not yet initialized. External WinMGr cannot be set.
2022-09-22 09:31:48,180 [INFO] Updater:1012 - Updater Version found : 6.3.0
2022-09-22 09:31:48,205 [INFO] ApplicationProperties:181 - Using Application install path: E:\STM32\stm32cubeide_1.7.0\STM32CubeIDE\plugins\com.st.stm32cube.common.mx_6.3.0.202107141111
2022-09-22 09:31:49,509 [INFO] MainUpdater:2671 - connection check result : 10
2022-09-22 09:31:49,517 [INFO] MainUpdater:265 - Updater Check For Update Now.
2022-09-22 09:31:49,517 [INFO] MicroXplorer:478 - Change Database Version : DB.6.0.30
2022-09-22 09:31:49,667 [INFO] CheckServerUpdateThread:112 - End of CheckServer Thread
2022-09-22 09:31:49,741 [INFO] MainUpdater:2671 - connection check result : 10
2022-09-22 09:31:49,741 [INFO] MainUpdater:2671 - connection check result : 10
2022-09-22 09:31:49,853 [INFO] MicroXplorer:448 - Change Database Path : 
2022-09-22 09:31:49,857 [INFO] MicroXplorer:478 - Change Database Version : DB.6.0.30
2022-09-22 09:31:49,857 [WARN] ThirdParty:813 - waiting for thirdparty lock release [close project]
2022-09-22 09:31:50,041 [WARN] PackLoader:238 - Cannot read IP mode file for STMicroelectronics.X-CUBE-GNSS1.6.0.0
2022-09-22 09:31:50,077 [WARN] PackLoader:238 - Cannot read IP mode file for STMicroelectronics.X-CUBE-AZRTOS-F4.1.1.0
2022-09-22 09:31:50,117 [WARN] PackLoader:238 - Cannot read IP mode file for STMicroelectronics.X-CUBE-AZRTOS-F7.1.1.0
2022-09-22 09:31:50,129 [WARN] PackLoader:238 - Cannot read IP mode file for STMicroelectronics.X-CUBE-BLE1.6.2.3
2022-09-22 09:31:50,141 [WARN] PackLoader:238 - Cannot read IP mode file for STMicroelectronics.X-CUBE-NFC4.2.0.4
2022-09-22 09:31:50,157 [WARN] PackLoader:238 - Cannot read IP mode file for STMicroelectronics.X-CUBE-TOF1.3.1.0
2022-09-22 09:31:50,173 [WARN] PackLoader:238 - Cannot read IP mode file for wolfSSL.I-CUBE-wolfSSL.5.5.0
2022-09-22 09:31:50,177 [WARN] PackLoader:238 - Cannot read IP mode file for STMicroelectronics.X-CUBE-NFC7.1.0.0
2022-09-22 09:31:50,233 [WARN] PackLoader:238 - Cannot read IP mode file for STMicroelectronics.X-CUBE-MEMS1.9.3.0
2022-09-22 09:31:50,441 [WARN] PackLoader:238 - Cannot read IP mode file for STMicroelectronics.X-CUBE-AI.7.2.0
2022-09-22 09:31:50,449 [WARN] PackLoader:238 - Cannot read IP mode file for STMicroelectronics.X-CUBE-SFXS2LP1.4.0.0
2022-09-22 09:31:50,453 [WARN] PackLoader:238 - Cannot read IP mode file for STMicroelectronics.X-CUBE-BLE2.3.3.0
2022-09-22 09:31:50,461 [WARN] PackLoader:238 - Cannot read IP mode file for STMicroelectronics.X-CUBE-DISPLAY.2.2.0
2022-09-22 09:31:50,469 [WARN] PackLoader:238 - Cannot read IP mode file for STMicroelectronics.X-CUBE-ISPU.1.0.0
2022-09-22 09:31:50,488 [WARN] PackLoader:238 - Cannot read IP mode file for RoweBots.I-CUBE-UNISONRTOS.5.5.0-4
2022-09-22 09:31:50,512 [WARN] PackLoader:238 - Cannot read IP mode file for STMicroelectronics.X-CUBE-AZRTOS-H7.2.1.0
2022-09-22 09:31:50,528 [WARN] PackLoader:238 - Cannot read IP mode file for STMicroelectronics.X-CUBE-BLEMGR.1.0.0
2022-09-22 09:31:50,544 [WARN] PackLoader:238 - Cannot read IP mode file for STMicroelectronics.X-CUBE-ALGOBUILD.1.3.0
2022-09-22 09:31:50,564 [WARN] PackLoader:238 - Cannot read IP mode file for STMicroelectronics.X-CUBE-AZRTOS-G0.1.1.0
2022-09-22 09:31:50,580 [WARN] PackLoader:238 - Cannot read IP mode file for STMicroelectronics.X-CUBE-SUBG2.5.0.0
2022-09-22 09:31:50,636 [WARN] PackLoader:238 - Cannot read IP mode file for SEGGER.I-CUBE-embOS.1.2.0
2022-09-22 09:31:50,676 [WARN] PackLoader:238 - Cannot read IP mode file for STMicroelectronics.FP-ATR-ASTRA1.1.1.1
2022-09-22 09:31:50,696 [WARN] PackLoader:238 - Cannot read IP mode file for STMicroelectronics.X-CUBE-AZRTOS-G4.1.0.0
2022-09-22 09:31:50,720 [WARN] PackLoader:238 - Cannot read IP mode file for STMicroelectronics.X-CUBE-AZRTOS-L4.1.0.0
2022-09-22 09:31:50,728 [WARN] PackLoader:238 - Cannot read IP mode file for emotas.I-CUBE-CANOPEN.1.1.2
2022-09-22 09:31:50,732 [WARN] PackLoader:238 - Cannot read IP mode file for STMicroelectronics.X-CUBE-TOUCHGFX.4.20.0
2022-09-22 09:31:50,756 [WARN] PackLoader:238 - Cannot read IP mode file for STMicroelectronics.X-CUBE-AZRTOS-WL.1.0.0
2022-09-22 09:31:50,760 [WARN] PackLoader:238 - Cannot read IP mode file for portGmbH.I-Cube-SoM-uGOAL.1.1.0
2022-09-22 09:31:50,764 [WARN] PackLoader:238 - Cannot read IP mode file for STMicroelectronics.X-CUBE-ALS.1.0.1
2022-09-22 09:31:50,784 [WARN] PackLoader:238 - Cannot read IP mode file for STMicroelectronics.X-CUBE-AZRTOS-L5.1.0.0
2022-09-22 09:31:50,793 [WARN] PackLoader:238 - Cannot read IP mode file for STMicroelectronics.X-CUBE-EEPRMA1.3.1.1
2022-09-22 09:31:50,793 [INFO] ThirdParty:915 - Integrity check success = true
2022-09-22 09:31:50,793 [INFO] IntegrityCheckThread:94 - exiting critical section [integrity check]
2022-09-22 09:31:50,793 [INFO] IntegrityCheckThread:97 - End integrity checks thread
2022-09-22 09:31:50,793 [INFO] ThirdParty:815 - entering critical section [close project]
2022-09-22 09:31:50,793 [INFO] ThirdParty:825 - exiting critical section [close project]
2022-09-22 09:31:50,801 [INFO] PinOutPanel:1463 - setPackage(No Configuration,No Configuration)
2022-09-22 09:31:50,801 [INFO] UtilMem:74 - Begin LoadConfig() Used Memory: 199807856 Bytes (268435456)
2022-09-22 09:31:50,801 [INFO] MicroXplorer:448 - Change Database Path : 
2022-09-22 09:31:50,801 [INFO] MicroXplorer:478 - Change Database Version : DB.6.0.30
2022-09-22 09:31:50,801 [INFO] OpenFileManager:313 - Change cursor
2022-09-22 09:31:51,620 [INFO] Context:592 - Trying to add GPIOservice into a context  which must be forbidden
2022-09-22 09:31:51,905 [WARN] ApiManager:304 - Cannot register API 'Board Extension:GNSS1A1' from pack STMicroelectronics.X-CUBE-GNSS1.6.0.0: no header file found
2022-09-22 09:31:51,905 [WARN] ApiManager:304 - Cannot register API 'Board Support:Custom' from pack STMicroelectronics.X-CUBE-GNSS1.6.0.0: no header file found
2022-09-22 09:31:51,905 [WARN] ApiManager:304 - Cannot register API 'Data Exchange:lib_gnss' from pack STMicroelectronics.X-CUBE-GNSS1.6.0.0: no header file found
2022-09-22 09:31:51,913 [WARN] ModelIntegratedComponent:60 - No mode defined for component null
2022-09-22 09:31:51,913 [WARN] ModelIntegratedComponent:60 - No mode defined for component null
2022-09-22 09:31:51,913 [WARN] ModelIntegratedComponent:60 - No mode defined for component null
2022-09-22 09:31:51,913 [WARN] ModelIntegratedComponent:60 - No mode defined for component null
2022-09-22 09:31:51,913 [WARN] ModelIntegratedComponent:60 - No mode defined for component null
2022-09-22 09:31:51,913 [WARN] ModelIntegratedComponent:60 - No mode defined for component null
2022-09-22 09:31:51,913 [WARN] ModelIntegratedComponent:60 - No mode defined for component null
2022-09-22 09:31:51,913 [WARN] ModelIntegratedComponent:60 - No mode defined for component null
2022-09-22 09:31:51,913 [WARN] ModelIntegratedComponent:60 - No mode defined for component null
2022-09-22 09:31:51,913 [WARN] ModelIntegratedComponent:60 - No mode defined for component null
2022-09-22 09:31:51,921 [WARN] ModelIntegratedComponent:60 - No mode defined for component null
2022-09-22 09:31:51,921 [WARN] ModelIntegratedComponent:60 - No mode defined for component null
2022-09-22 09:31:51,921 [WARN] ModelIntegratedComponent:60 - No mode defined for component null
2022-09-22 09:31:51,921 [WARN] ModelIntegratedComponent:60 - No mode defined for component null
2022-09-22 09:31:51,921 [WARN] ModelIntegratedComponent:60 - No mode defined for component null
2022-09-22 09:31:51,921 [WARN] ModelIntegratedComponent:60 - No mode defined for component null
2022-09-22 09:31:51,921 [WARN] ModelIntegratedComponent:60 - No mode defined for component null
2022-09-22 09:31:51,921 [WARN] ModelIntegratedComponent:60 - No mode defined for component null
2022-09-22 09:31:51,921 [WARN] ModelIntegratedComponent:60 - No mode defined for component null
2022-09-22 09:31:51,921 [WARN] ModelIntegratedComponent:60 - No mode defined for component null
2022-09-22 09:31:51,921 [WARN] ModelIntegratedComponent:60 - No mode defined for component null
2022-09-22 09:31:51,921 [WARN] ModelIntegratedComponent:60 - No mode defined for component null
2022-09-22 09:31:51,921 [WARN] ModelIntegratedComponent:60 - No mode defined for component null
2022-09-22 09:31:51,921 [WARN] ModelIntegratedComponent:60 - No mode defined for component null
2022-09-22 09:31:51,921 [WARN] ModelIntegratedComponent:60 - No mode defined for component null
2022-09-22 09:31:51,921 [WARN] ModelIntegratedComponent:60 - No mode defined for component null
2022-09-22 09:31:51,921 [WARN] ModelIntegratedComponent:60 - No mode defined for component null
2022-09-22 09:31:51,921 [WARN] ModelIntegratedComponent:60 - No mode defined for component null
2022-09-22 09:31:51,921 [WARN] ModelIntegratedComponent:60 - No mode defined for component null
2022-09-22 09:31:51,921 [WARN] ModelIntegratedComponent:60 - No mode defined for component null
2022-09-22 09:31:51,921 [WARN] ModelIntegratedComponent:60 - No mode defined for component null
2022-09-22 09:31:51,921 [WARN] ApiManager:304 - Cannot register API 'Board Extension:NFC07A1' from pack STMicroelectronics.X-CUBE-NFC7.1.0.0: no header file found
2022-09-22 09:31:52,132 [WARN] ApiManager:304 - Cannot register API 'Board Extension:IKS01A3' from pack STMicroelectronics.X-CUBE-MEMS1.9.3.0: no header file found
2022-09-22 09:31:52,132 [WARN] ApiManager:304 - Cannot register API 'Board Extension:IKS01A2' from pack STMicroelectronics.X-CUBE-MEMS1.9.3.0: no header file found
2022-09-22 09:31:52,132 [WARN] ApiManager:304 - Cannot register API 'Board Extension:IKS02A1' from pack STMicroelectronics.X-CUBE-MEMS1.9.3.0: no header file found
2022-09-22 09:31:52,156 [WARN] ApiManager:304 - Cannot register API 'Wireless:BlueNRG-MS' from pack STMicroelectronics.X-CUBE-BLE1.6.2.3: no header file found
2022-09-22 09:31:52,156 [INFO] RtosManager:484 - Registered RTOS mode: class=CMSIS, group=RTOS, mode=CMSIS_V1, owner=FREERTOS
2022-09-22 09:31:52,156 [INFO] RtosManager:484 - Registered RTOS mode: class=CMSIS, group=RTOS2, mode=CMSIS_V2, owner=FREERTOS
2022-09-22 09:31:52,156 [INFO] RtosManager:484 - Registered RTOS mode: class=RTOS, group=Core, mode=CMSIS_V1, owner=FREERTOS
2022-09-22 09:31:52,156 [INFO] RtosManager:484 - Registered RTOS mode: class=RTOS, group=Core, mode=CMSIS_V2, owner=FREERTOS
2022-09-22 09:31:52,156 [WARN] ModelIntegratedComponent:181 - Missing modes for component STMicroelectronics:FreeRTOS:0.0.1:STMicroelectronics:RTOS:FreeRTOS:Core:::10.2.0:
2022-09-22 09:31:52,164 [WARN] ApiManager:304 - Cannot register API 'Board Extension:S2868A1' from pack STMicroelectronics.X-CUBE-SUBG2.5.0.0: no header file found
2022-09-22 09:31:52,164 [WARN] ApiManager:304 - Cannot register API 'Board Extension:S2868A2' from pack STMicroelectronics.X-CUBE-SUBG2.5.0.0: no header file found
2022-09-22 09:31:52,164 [WARN] ApiManager:304 - Cannot register API 'Board Extension:S2915A1' from pack STMicroelectronics.X-CUBE-SUBG2.5.0.0: no header file found
2022-09-22 09:31:52,164 [WARN] ApiManager:304 - Cannot register API 'Board Extension:EEPRMA1' from pack STMicroelectronics.X-CUBE-EEPRMA1.3.1.1: no header file found
2022-09-22 09:31:52,164 [WARN] ApiManager:304 - Cannot register API 'Board Extension:EEPRMA2' from pack STMicroelectronics.X-CUBE-EEPRMA1.3.1.1: no header file found
2022-09-22 09:31:52,172 [WARN] ApiManager:304 - Cannot register API 'Board Extension:S2868A1' from pack STMicroelectronics.X-CUBE-SFXS2LP1.4.0.0: no header file found
2022-09-22 09:31:52,172 [WARN] ApiManager:304 - Cannot register API 'Board Extension:S2868A2' from pack STMicroelectronics.X-CUBE-SFXS2LP1.4.0.0: no header file found
2022-09-22 09:31:52,172 [WARN] ApiManager:304 - Cannot register API 'Board Extension:S2915A1' from pack STMicroelectronics.X-CUBE-SFXS2LP1.4.0.0: no header file found
2022-09-22 09:31:52,172 [WARN] ApiManager:304 - Cannot register API 'Wireless:BlueNRG-2' from pack STMicroelectronics.X-CUBE-BLE2.3.3.0: no header file found
2022-09-22 09:31:52,172 [WARN] ApiManager:304 - Cannot register API 'Board Extension:NFC04A1' from pack STMicroelectronics.X-CUBE-NFC4.2.0.4: no header file found
2022-09-22 09:31:53,922 [INFO] UtilMem:74 - End LoadConfig() Used Memory: 196648512 Bytes (301989888)
2022-09-22 09:31:53,930 [INFO] DbMcusXml:100 - Load MCU database from E:\STM32\stm32cubeide_1.7.0\STM32CubeIDE\plugins\com.st.stm32cube.common.mx_6.3.0.202107141111\\db\/mcu/families.xml
2022-09-22 09:31:54,895 [INFO] DbMcusJson:93 - JSON generation date=Tue Nov 16 23:17:54 ICT 2021 (1637079474)
2022-09-22 09:31:55,735 [INFO] DbMcus:175 - Found 1951 MCUs (1903 are supported by CubeMX, 1914 are visible in CubeMX)
2022-09-22 09:31:55,735 [INFO] ApiDb:251 - Load user favorites file C:\Users\hatru/.stm32cubeide/favorites.mcus.txt: 0 item(s)
2022-09-22 09:31:55,735 [INFO] ApiDb:255 - User favorites MCUs=[]
2022-09-22 09:31:55,735 [INFO] DbMcus:187 - Set 0 / 0 favorites MCUs
2022-09-22 09:31:55,739 [WARN] ThirdParty:779 - waiting for thirdparty lock release [change project]
2022-09-22 09:31:55,739 [INFO] ThirdParty:781 - entering critical section [change project]
2022-09-22 09:31:55,739 [INFO] ThirdParty:967 - CMSIS Pack Vendor :RoweBots I-CUBE-UNISONRTOS 5.5.0-4
2022-09-22 09:31:55,739 [INFO] ThirdParty:967 - CMSIS Pack Vendor :STMicroelectronics X-CUBE-GNSS1 6.0.0
2022-09-22 09:31:55,739 [INFO] ThirdParty:967 - CMSIS Pack Vendor :STMicroelectronics X-CUBE-AZRTOS-H7 2.1.0
2022-09-22 09:31:55,739 [INFO] ThirdParty:967 - CMSIS Pack Vendor :STMicroelectronics USB_HOST 2.0.0
2022-09-22 09:31:55,739 [INFO] ThirdParty:967 - CMSIS Pack Vendor :STMicroelectronics X-CUBE-AZRTOS-F4 1.1.0
2022-09-22 09:31:55,739 [INFO] ThirdParty:967 - CMSIS Pack Vendor :STMicroelectronics X-CUBE-AZRTOS-G4 1.0.0
2022-09-22 09:31:55,739 [INFO] ThirdParty:967 - CMSIS Pack Vendor :STMicroelectronics X-CUBE-AZRTOS-L4 1.0.0
2022-09-22 09:31:55,739 [INFO] ThirdParty:967 - CMSIS Pack Vendor :STMicroelectronics USB_DEVICE 3.0.0
2022-09-22 09:31:55,739 [INFO] ThirdParty:967 - CMSIS Pack Vendor :wolfSSL I-CUBE-wolfSSL 5.5.0
2022-09-22 09:31:55,739 [INFO] ThirdParty:967 - CMSIS Pack Vendor :STMicroelectronics HAL Drivers 0.0.0
2022-09-22 09:31:55,739 [INFO] ThirdParty:967 - CMSIS Pack Vendor :STMicroelectronics MBEDTLS 2.16.2
2022-09-22 09:31:55,739 [INFO] ThirdParty:967 - CMSIS Pack Vendor :emotas I-CUBE-CANOPEN 1.1.2
2022-09-22 09:31:55,739 [INFO] ThirdParty:967 - CMSIS Pack Vendor :STMicroelectronics X-CUBE-TOUCHGFX 4.20.0
2022-09-22 09:31:55,739 [INFO] ThirdParty:967 - CMSIS Pack Vendor :STMicroelectronics MBEDTLS 2.14.1
2022-09-22 09:31:55,739 [INFO] ThirdParty:967 - CMSIS Pack Vendor :STMicroelectronics X-CUBE-NFC7 1.0.0
2022-09-22 09:31:55,739 [INFO] ThirdParty:967 - CMSIS Pack Vendor :STMicroelectronics X-CUBE-BLEMGR 1.0.0
2022-09-22 09:31:55,739 [INFO] ThirdParty:967 - CMSIS Pack Vendor :STMicroelectronics X-CUBE-AZRTOS-WL 1.0.0
2022-09-22 09:31:55,739 [INFO] ThirdParty:967 - CMSIS Pack Vendor :STMicroelectronics X-CUBE-AZRTOS-F7 1.1.0
2022-09-22 09:31:55,739 [INFO] ThirdParty:967 - CMSIS Pack Vendor :STMicroelectronics X-CUBE-MEMS1 9.3.0
2022-09-22 09:31:55,739 [INFO] ThirdParty:967 - CMSIS Pack Vendor :portGmbH I-Cube-SoM-uGOAL 1.1.0
2022-09-22 09:31:55,739 [INFO] ThirdParty:967 - CMSIS Pack Vendor :STMicroelectronics X-CUBE-ALS 1.0.1
2022-09-22 09:31:55,739 [INFO] ThirdParty:967 - CMSIS Pack Vendor :STMicroelectronics USB_DEVICE 2.0.0
2022-09-22 09:31:55,739 [INFO] ThirdParty:967 - CMSIS Pack Vendor :STMicroelectronics X-CUBE-AI 7.2.0
2022-09-22 09:31:55,739 [INFO] ThirdParty:967 - CMSIS Pack Vendor :STMicroelectronics X-CUBE-BLE1 6.2.3
2022-09-22 09:31:55,739 [INFO] ThirdParty:967 - CMSIS Pack Vendor :STMicroelectronics X-CUBE-ALGOBUILD 1.3.0
2022-09-22 09:31:55,743 [INFO] ThirdParty:967 - CMSIS Pack Vendor :STMicroelectronics X-CUBE-AZRTOS-L5 1.0.0
2022-09-22 09:31:55,743 [INFO] ThirdParty:967 - CMSIS Pack Vendor :STMicroelectronics FreeRTOS 0.0.1
2022-09-22 09:31:55,743 [INFO] ThirdParty:967 - CMSIS Pack Vendor :STMicroelectronics X-CUBE-AZRTOS-G0 1.1.0
2022-09-22 09:31:55,743 [INFO] ThirdParty:967 - CMSIS Pack Vendor :STMicroelectronics USB_DEVICE 1.0.0
2022-09-22 09:31:55,743 [INFO] ThirdParty:967 - CMSIS Pack Vendor :STMicroelectronics X-CUBE-SUBG2 5.0.0
2022-09-22 09:31:55,743 [INFO] ThirdParty:967 - CMSIS Pack Vendor :SEGGER I-CUBE-embOS 1.2.0
2022-09-22 09:31:55,743 [INFO] ThirdParty:967 - CMSIS Pack Vendor :STMicroelectronics X-CUBE-EEPRMA1 3.1.1
2022-09-22 09:31:55,743 [INFO] ThirdParty:967 - CMSIS Pack Vendor :STMicroelectronics ThreadX 0.0.2
2022-09-22 09:31:55,743 [INFO] ThirdParty:967 - CMSIS Pack Vendor :STMicroelectronics lwIP 2.0.3
2022-09-22 09:31:55,743 [INFO] ThirdParty:967 - CMSIS Pack Vendor :STMicroelectronics lwIP 2.1.2
2022-09-22 09:31:55,743 [INFO] ThirdParty:967 - CMSIS Pack Vendor :STMicroelectronics X-CUBE-SFXS2LP1 4.0.0
2022-09-22 09:31:55,743 [INFO] ThirdParty:967 - CMSIS Pack Vendor :STMicroelectronics X-CUBE-BLE2 3.3.0
2022-09-22 09:31:55,743 [INFO] ThirdParty:967 - CMSIS Pack Vendor :STMicroelectronics X-CUBE-NFC4 2.0.4
2022-09-22 09:31:55,743 [INFO] ThirdParty:967 - CMSIS Pack Vendor :STMicroelectronics USB_HOST 1.0.0
2022-09-22 09:31:55,743 [INFO] ThirdParty:967 - CMSIS Pack Vendor :STMicroelectronics X-CUBE-DISPLAY 2.2.0
2022-09-22 09:31:55,743 [INFO] ThirdParty:967 - CMSIS Pack Vendor :STMicroelectronics PDM2PCM 3.1.0
2022-09-22 09:31:55,743 [INFO] ThirdParty:967 - CMSIS Pack Vendor :STMicroelectronics FP-ATR-ASTRA1 1.1.1
2022-09-22 09:31:55,743 [INFO] ThirdParty:967 - CMSIS Pack Vendor :STMicroelectronics PDM2PCM 3.2.0
2022-09-22 09:31:55,743 [INFO] ThirdParty:967 - CMSIS Pack Vendor :STMicroelectronics PDM2PCM 3.3.0
2022-09-22 09:31:55,743 [INFO] ThirdParty:967 - CMSIS Pack Vendor :STMicroelectronics X-CUBE-TOF1 3.1.0
2022-09-22 09:31:55,743 [INFO] ThirdParty:967 - CMSIS Pack Vendor :STMicroelectronics X-CUBE-ISPU 1.0.0
2022-09-22 09:31:55,743 [INFO] ThirdParty:787 - exiting critical section [change project]
2022-09-22 09:31:56,117 [INFO] PinOutPanel:1463 - setPackage(No Configuration,No Configuration)
2022-09-22 09:31:56,117 [INFO] PinOutPanel:1463 - setPackage(STM32F103C6Ux,UFQFPN48)
2022-09-22 09:31:56,531 [INFO] UtilMem:74 - Before build in PCC Used Memory: 336854528 Bytes (540016640)
2022-09-22 09:31:57,196 [INFO] UtilMem:74 - After build in PCC Used Memory: 225274192 Bytes (540016640)
2022-09-22 09:31:57,221 [INFO] IPUIPlugin:74 - create IPUIPlugin
2022-09-22 09:31:57,221 [INFO] IPUIPlugin:74 - create IPUIPlugin
2022-09-22 09:31:57,221 [INFO] IPUIPlugin:74 - create IPUIPlugin
2022-09-22 09:31:57,221 [INFO] IPUIPlugin:74 - create IPUIPlugin
2022-09-22 09:31:57,221 [INFO] IPUIPlugin:74 - create IPUIPlugin
2022-09-22 09:31:57,221 [INFO] IPUIPlugin:74 - create IPUIPlugin
2022-09-22 09:31:57,221 [INFO] IPUIPlugin:74 - create IPUIPlugin
2022-09-22 09:31:57,221 [INFO] IPUIPlugin:74 - create IPUIPlugin
2022-09-22 09:31:57,221 [INFO] IPUIPlugin:74 - create IPUIPlugin
2022-09-22 09:31:57,221 [INFO] IPUIPlugin:74 - create IPUIPlugin
2022-09-22 09:31:57,221 [INFO] IPUIPlugin:74 - create IPUIPlugin
2022-09-22 09:31:57,221 [INFO] IPUIPlugin:74 - create IPUIPlugin
2022-09-22 09:31:57,221 [INFO] IPUIPlugin:74 - create IPUIPlugin
2022-09-22 09:31:57,221 [INFO] IPUIPlugin:74 - create IPUIPlugin
2022-09-22 09:31:57,221 [INFO] IPUIPlugin:74 - create IPUIPlugin
2022-09-22 09:31:57,221 [INFO] IPUIPlugin:74 - create IPUIPlugin
2022-09-22 09:31:57,221 [INFO] IPUIPlugin:74 - create IPUIPlugin
2022-09-22 09:31:57,221 [INFO] IPUIPlugin:74 - create IPUIPlugin
2022-09-22 09:31:57,221 [INFO] IPUIPlugin:74 - create IPUIPlugin
2022-09-22 09:31:57,221 [INFO] IPUIPlugin:74 - create IPUIPlugin
2022-09-22 09:31:57,221 [INFO] IPUIPlugin:74 - create IPUIPlugin
2022-09-22 09:31:57,229 [INFO] IPUIPlugin:74 - create IPUIPlugin
2022-09-22 09:31:57,229 [INFO] IPUIPlugin:74 - create IPUIPlugin
2022-09-22 09:31:57,342 [INFO] OpenFileManager:333 - Restore cursor
2022-09-22 09:39:30,453 [INFO] Activator:177 - 


2022-09-22 09:39:30,457 [INFO] Activator:178 - !SESSION log4j initialized
